{"/Users/nikitamelnikov/Documents/work/openreplay/networkProxy/src/beaconProxy.ts": {"path":"/Users/nikitamelnikov/Documents/work/openreplay/networkProxy/src/beaconProxy.ts","statementMap":{"0":{"start":{"line":6,"column":23},"end":{"line":17,"column":null}},"1":{"start":{"line":7,"column":2},"end":{"line":9,"column":null}},"2":{"start":{"line":8,"column":4},"end":{"line":8,"column":null}},"3":{"start":{"line":10,"column":2},"end":{"line":12,"column":null}},"4":{"start":{"line":11,"column":4},"end":{"line":11,"column":null}},"5":{"start":{"line":13,"column":2},"end":{"line":15,"column":null}},"6":{"start":{"line":14,"column":4},"end":{"line":14,"column":null}},"7":{"start":{"line":16,"column":2},"end":{"line":16,"column":null}},"8":{"start":{"line":21,"column":21},"end":{"line":21,"column":null}},"9":{"start":{"line":22,"column":21},"end":{"line":22,"column":null}},"10":{"start":{"line":23,"column":21},"end":{"line":23,"column":null}},"11":{"start":{"line":24,"column":21},"end":{"line":24,"column":null}},"12":{"start":{"line":25,"column":21},"end":{"line":25,"column":null}},"13":{"start":{"line":29,"column":30},"end":{"line":29,"column":null}},"14":{"start":{"line":30,"column":27},"end":{"line":30,"column":null}},"15":{"start":{"line":31,"column":17},"end":{"line":31,"column":null}},"16":{"start":{"line":32,"column":4},"end":{"line":34,"column":null}},"17":{"start":{"line":33,"column":6},"end":{"line":33,"column":null}},"18":{"start":{"line":35,"column":16},"end":{"line":35,"column":null}},"19":{"start":{"line":36,"column":4},"end":{"line":36,"column":null}},"20":{"start":{"line":37,"column":4},"end":{"line":37,"column":null}},"21":{"start":{"line":38,"column":4},"end":{"line":38,"column":null}},"22":{"start":{"line":39,"column":4},"end":{"line":39,"column":null}},"23":{"start":{"line":40,"column":4},"end":{"line":40,"column":null}},"24":{"start":{"line":41,"column":4},"end":{"line":41,"column":null}},"25":{"start":{"line":42,"column":4},"end":{"line":42,"column":null}},"26":{"start":{"line":44,"column":4},"end":{"line":49,"column":null}},"27":{"start":{"line":45,"column":6},"end":{"line":45,"column":null}},"28":{"start":{"line":46,"column":6},"end":{"line":48,"column":null}},"29":{"start":{"line":47,"column":8},"end":{"line":47,"column":null}},"30":{"start":{"line":50,"column":4},"end":{"line":50,"column":null}},"31":{"start":{"line":52,"column":4},"end":{"line":54,"column":null}},"32":{"start":{"line":53,"column":6},"end":{"line":53,"column":null}},"33":{"start":{"line":56,"column":22},"end":{"line":56,"column":null}},"34":{"start":{"line":57,"column":4},"end":{"line":66,"column":null}},"35":{"start":{"line":58,"column":6},"end":{"line":58,"column":null}},"36":{"start":{"line":59,"column":6},"end":{"line":59,"column":null}},"37":{"start":{"line":60,"column":6},"end":{"line":60,"column":null}},"38":{"start":{"line":61,"column":6},"end":{"line":61,"column":null}},"39":{"start":{"line":62,"column":6},"end":{"line":62,"column":null}},"40":{"start":{"line":64,"column":6},"end":{"line":64,"column":null}},"41":{"start":{"line":65,"column":6},"end":{"line":65,"column":null}},"42":{"start":{"line":68,"column":16},"end":{"line":68,"column":null}},"43":{"start":{"line":69,"column":4},"end":{"line":71,"column":null}},"44":{"start":{"line":70,"column":6},"end":{"line":70,"column":null}},"45":{"start":{"line":72,"column":4},"end":{"line":72,"column":null}},"46":{"start":{"line":77,"column":2},"end":{"line":77,"column":null}},"47":{"start":{"line":80,"column":4},"end":{"line":80,"column":null}},"48":{"start":{"line":90,"column":4},"end":{"line":92,"column":null}},"49":{"start":{"line":91,"column":6},"end":{"line":91,"column":null}},"50":{"start":{"line":93,"column":4},"end":{"line":102,"column":null}}},"fnMap":{"0":{"name":"(anonymous_0)","decl":{"start":{"line":6,"column":23},"end":{"line":6,"column":24}},"loc":{"start":{"line":6,"column":44},"end":{"line":17,"column":null}}},"1":{"name":"(anonymous_1)","decl":{"start":{"line":20,"column":2},"end":{"line":20,"column":null}},"loc":{"start":{"line":26,"column":4},"end":{"line":26,"column":null}}},"2":{"name":"(anonymous_2)","decl":{"start":{"line":28,"column":9},"end":{"line":28,"column":15}},"loc":{"start":{"line":28,"column":55},"end":{"line":73,"column":null}}},"3":{"name":"(anonymous_3)","decl":{"start":{"line":79,"column":2},"end":{"line":79,"column":16}},"loc":{"start":{"line":79,"column":32},"end":{"line":81,"column":null}}},"4":{"name":"(anonymous_4)","decl":{"start":{"line":83,"column":2},"end":{"line":83,"column":16}},"loc":{"start":{"line":89,"column":4},"end":{"line":103,"column":null}}}},"branchMap":{"0":{"loc":{"start":{"line":7,"column":2},"end":{"line":9,"column":null}},"type":"if","locations":[{"start":{"line":7,"column":2},"end":{"line":9,"column":null}},{"start":{},"end":{}}]},"1":{"loc":{"start":{"line":10,"column":2},"end":{"line":12,"column":null}},"type":"if","locations":[{"start":{"line":10,"column":2},"end":{"line":12,"column":null}},{"start":{},"end":{}}]},"2":{"loc":{"start":{"line":13,"column":2},"end":{"line":15,"column":null}},"type":"if","locations":[{"start":{"line":13,"column":2},"end":{"line":15,"column":null}},{"start":{},"end":{}}]},"3":{"loc":{"start":{"line":32,"column":4},"end":{"line":34,"column":null}},"type":"if","locations":[{"start":{"line":32,"column":4},"end":{"line":34,"column":null}},{"start":{},"end":{}}]},"4":{"loc":{"start":{"line":38,"column":17},"end":{"line":38,"column":56}},"type":"binary-expr","locations":[{"start":{"line":38,"column":17},"end":{"line":38,"column":50}},{"start":{"line":38,"column":50},"end":{"line":38,"column":56}}]},"5":{"loc":{"start":{"line":44,"column":4},"end":{"line":49,"column":null}},"type":"if","locations":[{"start":{"line":44,"column":4},"end":{"line":49,"column":null}},{"start":{},"end":{}}]},"6":{"loc":{"start":{"line":44,"column":8},"end":{"line":44,"column":40}},"type":"binary-expr","locations":[{"start":{"line":44,"column":8},"end":{"line":44,"column":22}},{"start":{"line":44,"column":22},"end":{"line":44,"column":40}}]},"7":{"loc":{"start":{"line":52,"column":4},"end":{"line":54,"column":null}},"type":"if","locations":[{"start":{"line":52,"column":4},"end":{"line":54,"column":null}},{"start":{},"end":{}}]},"8":{"loc":{"start":{"line":57,"column":4},"end":{"line":66,"column":null}},"type":"if","locations":[{"start":{"line":57,"column":4},"end":{"line":66,"column":null}},{"start":{"line":63,"column":11},"end":{"line":66,"column":null}}]},"9":{"loc":{"start":{"line":59,"column":38},"end":{"line":59,"column":null}},"type":"binary-expr","locations":[{"start":{"line":59,"column":38},"end":{"line":59,"column":56}},{"start":{"line":59,"column":56},"end":{"line":59,"column":null}}]},"10":{"loc":{"start":{"line":69,"column":4},"end":{"line":71,"column":null}},"type":"if","locations":[{"start":{"line":69,"column":4},"end":{"line":71,"column":null}},{"start":{},"end":{}}]},"11":{"loc":{"start":{"line":90,"column":4},"end":{"line":92,"column":null}},"type":"if","locations":[{"start":{"line":90,"column":4},"end":{"line":92,"column":null}},{"start":{},"end":{}}]}},"s":{"0":0,"1":0,"2":0,"3":0,"4":0,"5":0,"6":0,"7":0,"8":0,"9":0,"10":0,"11":0,"12":0,"13":0,"14":0,"15":0,"16":0,"17":0,"18":0,"19":0,"20":0,"21":0,"22":0,"23":0,"24":0,"25":0,"26":0,"27":0,"28":0,"29":0,"30":0,"31":0,"32":0,"33":0,"34":0,"35":0,"36":0,"37":0,"38":0,"39":0,"40":0,"41":0,"42":0,"43":0,"44":0,"45":0,"46":0,"47":0,"48":0,"49":0,"50":0},"f":{"0":0,"1":0,"2":0,"3":0,"4":0},"b":{"0":[0,0],"1":[0,0],"2":[0,0],"3":[0,0],"4":[0,0],"5":[0,0],"6":[0,0],"7":[0,0],"8":[0,0],"9":[0,0],"10":[0,0],"11":[0,0]}}
,"/Users/nikitamelnikov/Documents/work/openreplay/networkProxy/src/fetchProxy.ts": {"path":"/Users/nikitamelnikov/Documents/work/openreplay/networkProxy/src/fetchProxy.ts","statementMap":{"0":{"start":{"line":17,"column":4},"end":{"line":17,"column":null}},"1":{"start":{"line":18,"column":4},"end":{"line":18,"column":null}},"2":{"start":{"line":19,"column":4},"end":{"line":19,"column":null}},"3":{"start":{"line":23,"column":4},"end":{"line":23,"column":null}},"4":{"start":{"line":27,"column":18},"end":{"line":27,"column":null}},"5":{"start":{"line":28,"column":4},"end":{"line":42,"column":null}},"6":{"start":{"line":34,"column":8},"end":{"line":41,"column":null}},"7":{"start":{"line":35,"column":10},"end":{"line":35,"column":null}},"8":{"start":{"line":37,"column":10},"end":{"line":40,"column":null}},"9":{"start":{"line":38,"column":12},"end":{"line":38,"column":null}},"10":{"start":{"line":39,"column":12},"end":{"line":39,"column":null}},"11":{"start":{"line":43,"column":4},"end":{"line":47,"column":null}},"12":{"start":{"line":44,"column":6},"end":{"line":44,"column":null}},"13":{"start":{"line":46,"column":6},"end":{"line":46,"column":null}},"14":{"start":{"line":52,"column":4},"end":{"line":55,"column":null}},"15":{"start":{"line":54,"column":6},"end":{"line":54,"column":null}},"16":{"start":{"line":56,"column":4},"end":{"line":58,"column":null}},"17":{"start":{"line":57,"column":6},"end":{"line":57,"column":null}},"18":{"start":{"line":59,"column":23},"end":{"line":59,"column":null}},"19":{"start":{"line":61,"column":4},"end":{"line":116,"column":null}},"20":{"start":{"line":62,"column":52},"end":{"line":62,"column":null}},"21":{"start":{"line":67,"column":6},"end":{"line":69,"column":null}},"22":{"start":{"line":68,"column":8},"end":{"line":68,"column":null}},"23":{"start":{"line":71,"column":20},"end":{"line":71,"column":null}},"24":{"start":{"line":72,"column":22},"end":{"line":72,"column":null}},"25":{"start":{"line":73,"column":6},"end":{"line":73,"column":null}},"26":{"start":{"line":76,"column":6},"end":{"line":105,"column":null}},"27":{"start":{"line":77,"column":8},"end":{"line":104,"column":null}},"28":{"start":{"line":79,"column":12},"end":{"line":89,"column":null}},"29":{"start":{"line":81,"column":14},"end":{"line":81,"column":null}},"30":{"start":{"line":84,"column":31},"end":{"line":84,"column":null}},"31":{"start":{"line":85,"column":14},"end":{"line":85,"column":null}},"32":{"start":{"line":87,"column":14},"end":{"line":87,"column":null}},"33":{"start":{"line":88,"column":14},"end":{"line":88,"column":null}},"34":{"start":{"line":90,"column":12},"end":{"line":90,"column":null}},"35":{"start":{"line":91,"column":12},"end":{"line":91,"column":null}},"36":{"start":{"line":92,"column":12},"end":{"line":92,"column":null}},"37":{"start":{"line":93,"column":12},"end":{"line":93,"column":null}},"38":{"start":{"line":94,"column":12},"end":{"line":94,"column":null}},"39":{"start":{"line":95,"column":12},"end":{"line":95,"column":null}},"40":{"start":{"line":96,"column":12},"end":{"line":101,"column":null}},"41":{"start":{"line":97,"column":14},"end":{"line":100,"column":null}},"42":{"start":{"line":102,"column":12},"end":{"line":102,"column":null}},"43":{"start":{"line":107,"column":6},"end":{"line":114,"column":null}},"44":{"start":{"line":108,"column":8},"end":{"line":108,"column":null}},"45":{"start":{"line":109,"column":8},"end":{"line":109,"column":null}},"46":{"start":{"line":110,"column":8},"end":{"line":110,"column":null}},"47":{"start":{"line":111,"column":8},"end":{"line":111,"column":null}},"48":{"start":{"line":112,"column":8},"end":{"line":112,"column":null}},"49":{"start":{"line":113,"column":8},"end":{"line":113,"column":null}},"50":{"start":{"line":115,"column":6},"end":{"line":115,"column":null}},"51":{"start":{"line":122,"column":21},"end":{"line":122,"column":null}},"52":{"start":{"line":123,"column":21},"end":{"line":123,"column":null}},"53":{"start":{"line":124,"column":21},"end":{"line":124,"column":null}},"54":{"start":{"line":125,"column":21},"end":{"line":125,"column":null}},"55":{"start":{"line":126,"column":21},"end":{"line":126,"column":null}},"56":{"start":{"line":127,"column":21},"end":{"line":127,"column":null}},"57":{"start":{"line":131,"column":18},"end":{"line":131,"column":null}},"58":{"start":{"line":132,"column":17},"end":{"line":132,"column":null}},"59":{"start":{"line":133,"column":4},"end":{"line":139,"column":null}},"60":{"start":{"line":138,"column":6},"end":{"line":138,"column":null}},"61":{"start":{"line":142,"column":6},"end":{"line":144,"column":null}},"62":{"start":{"line":146,"column":4},"end":{"line":148,"column":null}},"63":{"start":{"line":147,"column":6},"end":{"line":147,"column":null}},"64":{"start":{"line":150,"column":17},"end":{"line":150,"column":null}},"65":{"start":{"line":151,"column":4},"end":{"line":151,"column":null}},"66":{"start":{"line":153,"column":4},"end":{"line":175,"column":null}},"67":{"start":{"line":154,"column":6},"end":{"line":158,"column":null}},"68":{"start":{"line":155,"column":8},"end":{"line":157,"column":null}},"69":{"start":{"line":156,"column":10},"end":{"line":156,"column":null}},"70":{"start":{"line":159,"column":6},"end":{"line":174,"column":null}},"71":{"start":{"line":160,"column":8},"end":{"line":160,"column":null}},"72":{"start":{"line":162,"column":8},"end":{"line":162,"column":null}},"73":{"start":{"line":162,"column":26},"end":{"line":162,"column":null}},"74":{"start":{"line":163,"column":8},"end":{"line":165,"column":null}},"75":{"start":{"line":164,"column":10},"end":{"line":164,"column":null}},"76":{"start":{"line":166,"column":8},"end":{"line":173,"column":null}},"77":{"start":{"line":167,"column":10},"end":{"line":167,"column":null}},"78":{"start":{"line":168,"column":8},"end":{"line":173,"column":null}},"79":{"start":{"line":169,"column":10},"end":{"line":169,"column":null}},"80":{"start":{"line":172,"column":10},"end":{"line":172,"column":null}},"81":{"start":{"line":176,"column":4},"end":{"line":183,"column":null}},"82":{"start":{"line":180,"column":8},"end":{"line":180,"column":null}},"83":{"start":{"line":181,"column":8},"end":{"line":181,"column":null}},"84":{"start":{"line":182,"column":8},"end":{"line":182,"column":null}},"85":{"start":{"line":188,"column":15},"end":{"line":188,"column":null}},"86":{"start":{"line":189,"column":35},"end":{"line":189,"column":null}},"87":{"start":{"line":192,"column":4},"end":{"line":202,"column":null}},"88":{"start":{"line":194,"column":6},"end":{"line":194,"column":null}},"89":{"start":{"line":195,"column":6},"end":{"line":195,"column":null}},"90":{"start":{"line":196,"column":6},"end":{"line":196,"column":null}},"91":{"start":{"line":199,"column":6},"end":{"line":199,"column":null}},"92":{"start":{"line":200,"column":6},"end":{"line":200,"column":null}},"93":{"start":{"line":201,"column":6},"end":{"line":201,"column":null}},"94":{"start":{"line":204,"column":4},"end":{"line":204,"column":null}},"95":{"start":{"line":205,"column":4},"end":{"line":205,"column":null}},"96":{"start":{"line":206,"column":4},"end":{"line":206,"column":null}},"97":{"start":{"line":207,"column":4},"end":{"line":207,"column":null}},"98":{"start":{"line":208,"column":4},"end":{"line":208,"column":null}},"99":{"start":{"line":209,"column":4},"end":{"line":209,"column":null}},"100":{"start":{"line":210,"column":4},"end":{"line":210,"column":null}},"101":{"start":{"line":211,"column":4},"end":{"line":211,"column":null}},"102":{"start":{"line":212,"column":4},"end":{"line":215,"column":null}},"103":{"start":{"line":214,"column":6},"end":{"line":214,"column":null}},"104":{"start":{"line":217,"column":4},"end":{"line":224,"column":null}},"105":{"start":{"line":218,"column":6},"end":{"line":218,"column":null}},"106":{"start":{"line":219,"column":6},"end":{"line":221,"column":null}},"107":{"start":{"line":220,"column":8},"end":{"line":220,"column":null}},"108":{"start":{"line":223,"column":6},"end":{"line":223,"column":null}},"109":{"start":{"line":227,"column":4},"end":{"line":232,"column":null}},"110":{"start":{"line":228,"column":6},"end":{"line":228,"column":null}},"111":{"start":{"line":229,"column":6},"end":{"line":231,"column":null}},"112":{"start":{"line":230,"column":8},"end":{"line":230,"column":null}},"113":{"start":{"line":235,"column":4},"end":{"line":237,"column":null}},"114":{"start":{"line":236,"column":6},"end":{"line":236,"column":null}},"115":{"start":{"line":241,"column":4},"end":{"line":286,"column":null}},"116":{"start":{"line":242,"column":6},"end":{"line":242,"column":null}},"117":{"start":{"line":243,"column":6},"end":{"line":243,"column":null}},"118":{"start":{"line":244,"column":6},"end":{"line":244,"column":null}},"119":{"start":{"line":245,"column":6},"end":{"line":245,"column":null}},"120":{"start":{"line":247,"column":22},"end":{"line":247,"column":null}},"121":{"start":{"line":248,"column":6},"end":{"line":248,"column":null}},"122":{"start":{"line":249,"column":6},"end":{"line":252,"column":null}},"123":{"start":{"line":250,"column":8},"end":{"line":250,"column":null}},"124":{"start":{"line":251,"column":8},"end":{"line":251,"column":null}},"125":{"start":{"line":254,"column":6},"end":{"line":283,"column":null}},"126":{"start":{"line":258,"column":8},"end":{"line":258,"column":null}},"127":{"start":{"line":262,"column":8},"end":{"line":262,"column":null}},"128":{"start":{"line":264,"column":8},"end":{"line":282,"column":null}},"129":{"start":{"line":266,"column":12},"end":{"line":267,"column":null}},"130":{"start":{"line":268,"column":12},"end":{"line":268,"column":null}},"131":{"start":{"line":269,"column":12},"end":{"line":269,"column":null}},"132":{"start":{"line":271,"column":24},"end":{"line":271,"column":null}},"133":{"start":{"line":272,"column":12},"end":{"line":274,"column":null}},"134":{"start":{"line":273,"column":14},"end":{"line":273,"column":null}},"135":{"start":{"line":277,"column":12},"end":{"line":281,"column":null}},"136":{"start":{"line":278,"column":14},"end":{"line":278,"column":null}},"137":{"start":{"line":285,"column":6},"end":{"line":285,"column":null}},"138":{"start":{"line":291,"column":24},"end":{"line":291,"column":null}},"139":{"start":{"line":292,"column":4},"end":{"line":304,"column":null}},"140":{"start":{"line":293,"column":6},"end":{"line":293,"column":null}},"141":{"start":{"line":294,"column":6},"end":{"line":294,"column":null}},"142":{"start":{"line":295,"column":4},"end":{"line":304,"column":null}},"143":{"start":{"line":299,"column":6},"end":{"line":299,"column":null}},"144":{"start":{"line":300,"column":6},"end":{"line":300,"column":null}},"145":{"start":{"line":302,"column":6},"end":{"line":302,"column":null}},"146":{"start":{"line":303,"column":6},"end":{"line":303,"column":null}},"147":{"start":{"line":317,"column":4},"end":{"line":327,"column":null}}},"fnMap":{"0":{"name":"(anonymous_0)","decl":{"start":{"line":16,"column":2},"end":{"line":16,"column":14}},"loc":{"start":{"line":16,"column":45},"end":{"line":20,"column":null}}},"1":{"name":"(anonymous_1)","decl":{"start":{"line":22,"column":9},"end":{"line":22,"column":13}},"loc":{"start":{"line":22,"column":66},"end":{"line":24,"column":null}}},"2":{"name":"(anonymous_2)","decl":{"start":{"line":26,"column":9},"end":{"line":26,"column":13}},"loc":{"start":{"line":26,"column":37},"end":{"line":48,"column":null}}},"3":{"name":"(anonymous_3)","decl":{"start":{"line":34,"column":15},"end":{"line":34,"column":21}},"loc":{"start":{"line":34,"column":21},"end":{"line":41,"column":null}}},"4":{"name":"(anonymous_4)","decl":{"start":{"line":37,"column":42},"end":{"line":37,"column":43}},"loc":{"start":{"line":37,"column":57},"end":{"line":40,"column":11}}},"5":{"name":"(anonymous_5)","decl":{"start":{"line":50,"column":12},"end":{"line":50,"column":25}},"loc":{"start":{"line":50,"column":25},"end":{"line":117,"column":null}}},"6":{"name":"(anonymous_6)","decl":{"start":{"line":61,"column":31},"end":{"line":61,"column":37}},"loc":{"start":{"line":61,"column":37},"end":{"line":116,"column":null}}},"7":{"name":"(anonymous_7)","decl":{"start":{"line":76,"column":20},"end":{"line":76,"column":26}},"loc":{"start":{"line":76,"column":26},"end":{"line":105,"column":null}}},"8":{"name":"(anonymous_8)","decl":{"start":{"line":78,"column":10},"end":{"line":78,"column":11}},"loc":{"start":{"line":78,"column":60},"end":{"line":103,"column":null}}},"9":{"name":"(anonymous_9)","decl":{"start":{"line":107,"column":22},"end":{"line":107,"column":26}},"loc":{"start":{"line":107,"column":35},"end":{"line":114,"column":null}}},"10":{"name":"(anonymous_10)","decl":{"start":{"line":121,"column":2},"end":{"line":121,"column":null}},"loc":{"start":{"line":128,"column":4},"end":{"line":128,"column":null}}},"11":{"name":"(anonymous_11)","decl":{"start":{"line":130,"column":9},"end":{"line":130,"column":15}},"loc":{"start":{"line":130,"column":88},"end":{"line":184,"column":null}}},"12":{"name":"(anonymous_12)","decl":{"start":{"line":153,"column":31},"end":{"line":153,"column":32}},"loc":{"start":{"line":153,"column":48},"end":{"line":175,"column":5}}},"13":{"name":"(anonymous_13)","decl":{"start":{"line":178,"column":13},"end":{"line":178,"column":14}},"loc":{"start":{"line":178,"column":20},"end":{"line":183,"column":7}}},"14":{"name":"(anonymous_14)","decl":{"start":{"line":186,"column":12},"end":{"line":186,"column":24}},"loc":{"start":{"line":186,"column":95},"end":{"line":238,"column":null}}},"15":{"name":"(anonymous_15)","decl":{"start":{"line":240,"column":12},"end":{"line":240,"column":23}},"loc":{"start":{"line":240,"column":45},"end":{"line":287,"column":null}}},"16":{"name":"(anonymous_16)","decl":{"start":{"line":241,"column":11},"end":{"line":241,"column":12}},"loc":{"start":{"line":241,"column":31},"end":{"line":286,"column":null}}},"17":{"name":"(anonymous_17)","decl":{"start":{"line":265,"column":16},"end":{"line":265,"column":17}},"loc":{"start":{"line":265,"column":57},"end":{"line":275,"column":11}}},"18":{"name":"(anonymous_18)","decl":{"start":{"line":276,"column":17},"end":{"line":276,"column":18}},"loc":{"start":{"line":276,"column":24},"end":{"line":282,"column":11}}},"19":{"name":"(anonymous_19)","decl":{"start":{"line":289,"column":12},"end":{"line":289,"column":31}},"loc":{"start":{"line":289,"column":69},"end":{"line":305,"column":null}}},"20":{"name":"(anonymous_20)","decl":{"start":{"line":309,"column":2},"end":{"line":309,"column":16}},"loc":{"start":{"line":316,"column":4},"end":{"line":328,"column":null}}}},"branchMap":{"0":{"loc":{"start":{"line":28,"column":4},"end":{"line":42,"column":null}},"type":"switch","locations":[{"start":{"line":29,"column":6},"end":{"line":29,"column":null}},{"start":{"line":30,"column":6},"end":{"line":30,"column":null}},{"start":{"line":31,"column":6},"end":{"line":31,"column":null}},{"start":{"line":32,"column":6},"end":{"line":32,"column":null}},{"start":{"line":33,"column":6},"end":{"line":41,"column":null}}]},"1":{"loc":{"start":{"line":43,"column":4},"end":{"line":47,"column":null}},"type":"if","locations":[{"start":{"line":43,"column":4},"end":{"line":47,"column":null}},{"start":{"line":45,"column":11},"end":{"line":47,"column":null}}]},"2":{"loc":{"start":{"line":52,"column":4},"end":{"line":55,"column":null}},"type":"if","locations":[{"start":{"line":52,"column":4},"end":{"line":55,"column":null}},{"start":{},"end":{}}]},"3":{"loc":{"start":{"line":56,"column":4},"end":{"line":58,"column":null}},"type":"if","locations":[{"start":{"line":56,"column":4},"end":{"line":58,"column":null}},{"start":{},"end":{}}]},"4":{"loc":{"start":{"line":67,"column":6},"end":{"line":69,"column":null}},"type":"if","locations":[{"start":{"line":67,"column":6},"end":{"line":69,"column":null}},{"start":{},"end":{}}]},"5":{"loc":{"start":{"line":79,"column":12},"end":{"line":89,"column":null}},"type":"if","locations":[{"start":{"line":79,"column":12},"end":{"line":89,"column":null}},{"start":{"line":82,"column":19},"end":{"line":89,"column":null}}]},"6":{"loc":{"start":{"line":91,"column":54},"end":{"line":91,"column":null}},"type":"binary-expr","locations":[{"start":{"line":91,"column":54},"end":{"line":91,"column":77}},{"start":{"line":91,"column":77},"end":{"line":91,"column":null}}]},"7":{"loc":{"start":{"line":92,"column":35},"end":{"line":92,"column":null}},"type":"cond-expr","locations":[{"start":{"line":92,"column":49},"end":{"line":92,"column":53}},{"start":{"line":92,"column":53},"end":{"line":92,"column":null}}]},"8":{"loc":{"start":{"line":93,"column":35},"end":{"line":93,"column":null}},"type":"cond-expr","locations":[{"start":{"line":93,"column":49},"end":{"line":93,"column":76}},{"start":{"line":93,"column":76},"end":{"line":93,"column":null}}]},"9":{"loc":{"start":{"line":96,"column":12},"end":{"line":101,"column":null}},"type":"if","locations":[{"start":{"line":96,"column":12},"end":{"line":101,"column":null}},{"start":{},"end":{}}]},"10":{"loc":{"start":{"line":111,"column":50},"end":{"line":111,"column":null}},"type":"binary-expr","locations":[{"start":{"line":111,"column":50},"end":{"line":111,"column":73}},{"start":{"line":111,"column":73},"end":{"line":111,"column":null}}]},"11":{"loc":{"start":{"line":133,"column":4},"end":{"line":139,"column":null}},"type":"if","locations":[{"start":{"line":133,"column":4},"end":{"line":139,"column":null}},{"start":{},"end":{}}]},"12":{"loc":{"start":{"line":134,"column":6},"end":{"line":136,"column":null}},"type":"binary-expr","locations":[{"start":{"line":134,"column":6},"end":{"line":134,"column":null}},{"start":{"line":136,"column":7},"end":{"line":136,"column":36}},{"start":{"line":136,"column":36},"end":{"line":136,"column":null}}]},"13":{"loc":{"start":{"line":142,"column":6},"end":{"line":144,"column":null}},"type":"cond-expr","locations":[{"start":{"line":143,"column":10},"end":{"line":143,"column":null}},{"start":{"line":144,"column":10},"end":{"line":144,"column":null}}]},"14":{"loc":{"start":{"line":142,"column":6},"end":{"line":142,"column":null}},"type":"binary-expr","locations":[{"start":{"line":142,"column":6},"end":{"line":142,"column":30}},{"start":{"line":142,"column":30},"end":{"line":142,"column":null}}]},"15":{"loc":{"start":{"line":146,"column":4},"end":{"line":148,"column":null}},"type":"if","locations":[{"start":{"line":146,"column":4},"end":{"line":148,"column":null}},{"start":{},"end":{}}]},"16":{"loc":{"start":{"line":154,"column":6},"end":{"line":158,"column":null}},"type":"if","locations":[{"start":{"line":154,"column":6},"end":{"line":158,"column":null}},{"start":{},"end":{}}]},"17":{"loc":{"start":{"line":155,"column":8},"end":{"line":157,"column":null}},"type":"if","locations":[{"start":{"line":155,"column":8},"end":{"line":157,"column":null}},{"start":{},"end":{}}]},"18":{"loc":{"start":{"line":159,"column":6},"end":{"line":174,"column":null}},"type":"if","locations":[{"start":{"line":159,"column":6},"end":{"line":174,"column":null}},{"start":{"line":161,"column":13},"end":{"line":174,"column":null}}]},"19":{"loc":{"start":{"line":159,"column":10},"end":{"line":159,"column":71}},"type":"binary-expr","locations":[{"start":{"line":159,"column":10},"end":{"line":159,"column":39}},{"start":{"line":159,"column":39},"end":{"line":159,"column":71}}]},"20":{"loc":{"start":{"line":162,"column":8},"end":{"line":162,"column":null}},"type":"if","locations":[{"start":{"line":162,"column":8},"end":{"line":162,"column":null}},{"start":{},"end":{}}]},"21":{"loc":{"start":{"line":163,"column":8},"end":{"line":165,"column":null}},"type":"if","locations":[{"start":{"line":163,"column":8},"end":{"line":165,"column":null}},{"start":{},"end":{}}]},"22":{"loc":{"start":{"line":166,"column":8},"end":{"line":173,"column":null}},"type":"if","locations":[{"start":{"line":166,"column":8},"end":{"line":173,"column":null}},{"start":{"line":168,"column":8},"end":{"line":173,"column":null}}]},"23":{"loc":{"start":{"line":168,"column":8},"end":{"line":173,"column":null}},"type":"if","locations":[{"start":{"line":168,"column":8},"end":{"line":173,"column":null}},{"start":{"line":170,"column":15},"end":{"line":173,"column":null}}]},"24":{"loc":{"start":{"line":181,"column":40},"end":{"line":181,"column":null}},"type":"binary-expr","locations":[{"start":{"line":181,"column":40},"end":{"line":181,"column":58}},{"start":{"line":181,"column":58},"end":{"line":181,"column":null}}]},"25":{"loc":{"start":{"line":192,"column":4},"end":{"line":202,"column":null}},"type":"if","locations":[{"start":{"line":192,"column":4},"end":{"line":202,"column":null}},{"start":{"line":197,"column":11},"end":{"line":202,"column":null}}]},"26":{"loc":{"start":{"line":194,"column":15},"end":{"line":194,"column":null}},"type":"binary-expr","locations":[{"start":{"line":194,"column":15},"end":{"line":194,"column":31}},{"start":{"line":194,"column":31},"end":{"line":194,"column":null}}]},"27":{"loc":{"start":{"line":196,"column":22},"end":{"line":196,"column":null}},"type":"binary-expr","locations":[{"start":{"line":196,"column":22},"end":{"line":196,"column":39}},{"start":{"line":196,"column":39},"end":{"line":196,"column":null}}]},"28":{"loc":{"start":{"line":199,"column":15},"end":{"line":199,"column":null}},"type":"binary-expr","locations":[{"start":{"line":199,"column":15},"end":{"line":199,"column":31}},{"start":{"line":199,"column":31},"end":{"line":199,"column":null}}]},"29":{"loc":{"start":{"line":208,"column":17},"end":{"line":208,"column":56}},"type":"binary-expr","locations":[{"start":{"line":208,"column":17},"end":{"line":208,"column":50}},{"start":{"line":208,"column":50},"end":{"line":208,"column":56}}]},"30":{"loc":{"start":{"line":212,"column":4},"end":{"line":215,"column":null}},"type":"if","locations":[{"start":{"line":212,"column":4},"end":{"line":215,"column":null}},{"start":{},"end":{}}]},"31":{"loc":{"start":{"line":217,"column":4},"end":{"line":224,"column":null}},"type":"if","locations":[{"start":{"line":217,"column":4},"end":{"line":224,"column":null}},{"start":{"line":222,"column":11},"end":{"line":224,"column":null}}]},"32":{"loc":{"start":{"line":227,"column":4},"end":{"line":232,"column":null}},"type":"if","locations":[{"start":{"line":227,"column":4},"end":{"line":232,"column":null}},{"start":{},"end":{}}]},"33":{"loc":{"start":{"line":227,"column":8},"end":{"line":227,"column":40}},"type":"binary-expr","locations":[{"start":{"line":227,"column":8},"end":{"line":227,"column":22}},{"start":{"line":227,"column":22},"end":{"line":227,"column":40}}]},"34":{"loc":{"start":{"line":235,"column":4},"end":{"line":237,"column":null}},"type":"if","locations":[{"start":{"line":235,"column":4},"end":{"line":237,"column":null}},{"start":{},"end":{}}]},"35":{"loc":{"start":{"line":243,"column":38},"end":{"line":243,"column":null}},"type":"binary-expr","locations":[{"start":{"line":243,"column":38},"end":{"line":243,"column":56}},{"start":{"line":243,"column":56},"end":{"line":243,"column":null}}]},"36":{"loc":{"start":{"line":251,"column":20},"end":{"line":251,"column":null}},"type":"cond-expr","locations":[{"start":{"line":251,"column":66},"end":{"line":251,"column":73}},{"start":{"line":251,"column":73},"end":{"line":251,"column":null}}]},"37":{"loc":{"start":{"line":254,"column":6},"end":{"line":283,"column":null}},"type":"if","locations":[{"start":{"line":254,"column":6},"end":{"line":283,"column":null}},{"start":{"line":259,"column":13},"end":{"line":283,"column":null}}]},"38":{"loc":{"start":{"line":267,"column":14},"end":{"line":267,"column":null}},"type":"cond-expr","locations":[{"start":{"line":267,"column":50},"end":{"line":267,"column":73}},{"start":{"line":267,"column":73},"end":{"line":267,"column":null}}]},"39":{"loc":{"start":{"line":272,"column":12},"end":{"line":274,"column":null}},"type":"if","locations":[{"start":{"line":272,"column":12},"end":{"line":274,"column":null}},{"start":{},"end":{}}]},"40":{"loc":{"start":{"line":277,"column":12},"end":{"line":281,"column":null}},"type":"if","locations":[{"start":{"line":277,"column":12},"end":{"line":281,"column":null}},{"start":{"line":279,"column":19},"end":{"line":281,"column":null}}]},"41":{"loc":{"start":{"line":292,"column":4},"end":{"line":304,"column":null}},"type":"if","locations":[{"start":{"line":292,"column":4},"end":{"line":304,"column":null}},{"start":{"line":295,"column":4},"end":{"line":304,"column":null}}]},"42":{"loc":{"start":{"line":292,"column":8},"end":{"line":292,"column":65}},"type":"binary-expr","locations":[{"start":{"line":292,"column":8},"end":{"line":292,"column":23}},{"start":{"line":292,"column":23},"end":{"line":292,"column":65}}]},"43":{"loc":{"start":{"line":295,"column":4},"end":{"line":304,"column":null}},"type":"if","locations":[{"start":{"line":295,"column":4},"end":{"line":304,"column":null}},{"start":{"line":301,"column":11},"end":{"line":304,"column":null}}]},"44":{"loc":{"start":{"line":296,"column":6},"end":{"line":297,"column":null}},"type":"binary-expr","locations":[{"start":{"line":296,"column":6},"end":{"line":296,"column":null}},{"start":{"line":297,"column":7},"end":{"line":297,"column":44}},{"start":{"line":297,"column":44},"end":{"line":297,"column":null}}]}},"s":{"0":0,"1":0,"2":0,"3":0,"4":0,"5":0,"6":0,"7":0,"8":0,"9":0,"10":0,"11":0,"12":0,"13":0,"14":0,"15":0,"16":0,"17":0,"18":0,"19":0,"20":0,"21":0,"22":0,"23":0,"24":0,"25":0,"26":0,"27":0,"28":0,"29":0,"30":0,"31":0,"32":0,"33":0,"34":0,"35":0,"36":0,"37":0,"38":0,"39":0,"40":0,"41":0,"42":0,"43":0,"44":0,"45":0,"46":0,"47":0,"48":0,"49":0,"50":0,"51":0,"52":0,"53":0,"54":0,"55":0,"56":0,"57":0,"58":0,"59":0,"60":0,"61":0,"62":0,"63":0,"64":0,"65":0,"66":0,"67":0,"68":0,"69":0,"70":0,"71":0,"72":0,"73":0,"74":0,"75":0,"76":0,"77":0,"78":0,"79":0,"80":0,"81":0,"82":0,"83":0,"84":0,"85":0,"86":0,"87":0,"88":0,"89":0,"90":0,"91":0,"92":0,"93":0,"94":0,"95":0,"96":0,"97":0,"98":0,"99":0,"100":0,"101":0,"102":0,"103":0,"104":0,"105":0,"106":0,"107":0,"108":0,"109":0,"110":0,"111":0,"112":0,"113":0,"114":0,"115":0,"116":0,"117":0,"118":0,"119":0,"120":0,"121":0,"122":0,"123":0,"124":0,"125":0,"126":0,"127":0,"128":0,"129":0,"130":0,"131":0,"132":0,"133":0,"134":0,"135":0,"136":0,"137":0,"138":0,"139":0,"140":0,"141":0,"142":0,"143":0,"144":0,"145":0,"146":0,"147":0},"f":{"0":0,"1":0,"2":0,"3":0,"4":0,"5":0,"6":0,"7":0,"8":0,"9":0,"10":0,"11":0,"12":0,"13":0,"14":0,"15":0,"16":0,"17":0,"18":0,"19":0,"20":0},"b":{"0":[0,0,0,0,0],"1":[0,0],"2":[0,0],"3":[0,0],"4":[0,0],"5":[0,0],"6":[0,0],"7":[0,0],"8":[0,0],"9":[0,0],"10":[0,0],"11":[0,0],"12":[0,0,0],"13":[0,0],"14":[0,0],"15":[0,0],"16":[0,0],"17":[0,0],"18":[0,0],"19":[0,0],"20":[0,0],"21":[0,0],"22":[0,0],"23":[0,0],"24":[0,0],"25":[0,0],"26":[0,0],"27":[0,0],"28":[0,0],"29":[0,0],"30":[0,0],"31":[0,0],"32":[0,0],"33":[0,0],"34":[0,0],"35":[0,0],"36":[0,0],"37":[0,0],"38":[0,0],"39":[0,0],"40":[0,0],"41":[0,0],"42":[0,0],"43":[0,0],"44":[0,0,0]}}
,"/Users/nikitamelnikov/Documents/work/openreplay/networkProxy/src/index.ts": {"path":"/Users/nikitamelnikov/Documents/work/openreplay/networkProxy/src/index.ts","statementMap":{"0":{"start":{"line":14,"column":19},"end":{"line":17,"column":null}},"1":{"start":{"line":15,"column":14},"end":{"line":15,"column":null}},"2":{"start":{"line":16,"column":2},"end":{"line":16,"column":null}},"3":{"start":{"line":57,"column":2},"end":{"line":70,"column":null}},"4":{"start":{"line":58,"column":4},"end":{"line":69,"column":null}},"5":{"start":{"line":59,"column":6},"end":{"line":66,"column":null}},"6":{"start":{"line":68,"column":6},"end":{"line":68,"column":null}},"7":{"start":{"line":71,"column":2},"end":{"line":84,"column":null}},"8":{"start":{"line":72,"column":4},"end":{"line":83,"column":null}},"9":{"start":{"line":73,"column":6},"end":{"line":80,"column":null}},"10":{"start":{"line":82,"column":6},"end":{"line":82,"column":null}},"11":{"start":{"line":85,"column":2},"end":{"line":95,"column":null}},"12":{"start":{"line":86,"column":4},"end":{"line":94,"column":null}},"13":{"start":{"line":87,"column":6},"end":{"line":93,"column":null}}},"fnMap":{"0":{"name":"(anonymous_0)","decl":{"start":{"line":14,"column":19},"end":{"line":14,"column":20}},"loc":{"start":{"line":14,"column":36},"end":{"line":17,"column":null}}},"1":{"name":"createNetworkProxy","decl":{"start":{"line":43,"column":24},"end":{"line":43,"column":null}},"loc":{"start":{"line":56,"column":8},"end":{"line":96,"column":null}}}},"branchMap":{"0":{"loc":{"start":{"line":50,"column":2},"end":{"line":54,"column":null}},"type":"default-arg","locations":[{"start":{"line":50,"column":63},"end":{"line":54,"column":null}}]},"1":{"loc":{"start":{"line":57,"column":2},"end":{"line":70,"column":null}},"type":"if","locations":[{"start":{"line":57,"column":2},"end":{"line":70,"column":null}},{"start":{},"end":{}}]},"2":{"loc":{"start":{"line":58,"column":4},"end":{"line":69,"column":null}},"type":"if","locations":[{"start":{"line":58,"column":4},"end":{"line":69,"column":null}},{"start":{"line":67,"column":11},"end":{"line":69,"column":null}}]},"3":{"loc":{"start":{"line":71,"column":2},"end":{"line":84,"column":null}},"type":"if","locations":[{"start":{"line":71,"column":2},"end":{"line":84,"column":null}},{"start":{},"end":{}}]},"4":{"loc":{"start":{"line":72,"column":4},"end":{"line":83,"column":null}},"type":"if","locations":[{"start":{"line":72,"column":4},"end":{"line":83,"column":null}},{"start":{"line":81,"column":11},"end":{"line":83,"column":null}}]},"5":{"loc":{"start":{"line":85,"column":2},"end":{"line":95,"column":null}},"type":"if","locations":[{"start":{"line":85,"column":2},"end":{"line":95,"column":null}},{"start":{},"end":{}}]},"6":{"loc":{"start":{"line":86,"column":4},"end":{"line":94,"column":null}},"type":"if","locations":[{"start":{"line":86,"column":4},"end":{"line":94,"column":null}},{"start":{},"end":{}}]}},"s":{"0":0,"1":0,"2":0,"3":0,"4":0,"5":0,"6":0,"7":0,"8":0,"9":0,"10":0,"11":0,"12":0,"13":0},"f":{"0":0,"1":0},"b":{"0":[0],"1":[0,0],"2":[0,0],"3":[0,0],"4":[0,0],"5":[0,0],"6":[0,0]}}
,"/Users/nikitamelnikov/Documents/work/openreplay/networkProxy/src/networkMessage.ts": {"path":"/Users/nikitamelnikov/Documents/work/openreplay/networkProxy/src/networkMessage.ts","statementMap":{"0":{"start":{"line":35,"column":21},"end":{"line":35,"column":58}},"1":{"start":{"line":36,"column":21},"end":{"line":36,"column":null}},"2":{"start":{"line":37,"column":21},"end":{"line":37,"column":null}},"3":{"start":{"line":13,"column":2},"end":{"line":13,"column":null}},"4":{"start":{"line":14,"column":2},"end":{"line":14,"column":null}},"5":{"start":{"line":15,"column":2},"end":{"line":15,"column":null}},"6":{"start":{"line":16,"column":2},"end":{"line":16,"column":null}},"7":{"start":{"line":17,"column":2},"end":{"line":17,"column":null}},"8":{"start":{"line":18,"column":2},"end":{"line":18,"column":null}},"9":{"start":{"line":19,"column":2},"end":{"line":19,"column":null}},"10":{"start":{"line":20,"column":2},"end":{"line":20,"column":null}},"11":{"start":{"line":21,"column":2},"end":{"line":21,"column":null}},"12":{"start":{"line":22,"column":2},"end":{"line":22,"column":null}},"13":{"start":{"line":23,"column":2},"end":{"line":23,"column":null}},"14":{"start":{"line":24,"column":2},"end":{"line":24,"column":null}},"15":{"start":{"line":26,"column":2},"end":{"line":26,"column":null}},"16":{"start":{"line":27,"column":2},"end":{"line":27,"column":null}},"17":{"start":{"line":28,"column":2},"end":{"line":28,"column":null}},"18":{"start":{"line":29,"column":2},"end":{"line":29,"column":null}},"19":{"start":{"line":30,"column":2},"end":{"line":30,"column":null}},"20":{"start":{"line":31,"column":2},"end":{"line":31,"column":null}},"21":{"start":{"line":32,"column":2},"end":{"line":32,"column":null}},"22":{"start":{"line":41,"column":29},"end":{"line":41,"column":null}},"23":{"start":{"line":42,"column":20},"end":{"line":45,"column":null}},"24":{"start":{"line":46,"column":21},"end":{"line":46,"column":null}},"25":{"start":{"line":48,"column":24},"end":{"line":54,"column":null}},"26":{"start":{"line":56,"column":4},"end":{"line":56,"column":null}},"27":{"start":{"line":56,"column":22},"end":{"line":56,"column":null}},"28":{"start":{"line":58,"column":22},"end":{"line":58,"column":null}},"29":{"start":{"line":59,"column":4},"end":{"line":63,"column":null}},"30":{"start":{"line":60,"column":22},"end":{"line":60,"column":null}},"31":{"start":{"line":61,"column":6},"end":{"line":61,"column":null}},"32":{"start":{"line":62,"column":6},"end":{"line":62,"column":null}},"33":{"start":{"line":65,"column":4},"end":{"line":75,"column":null}},"34":{"start":{"line":79,"column":42},"end":{"line":79,"column":null}},"35":{"start":{"line":80,"column":4},"end":{"line":83,"column":null}},"36":{"start":{"line":81,"column":6},"end":{"line":81,"column":null}},"37":{"start":{"line":81,"column":37},"end":{"line":81,"column":null}},"38":{"start":{"line":82,"column":6},"end":{"line":82,"column":null}},"39":{"start":{"line":84,"column":4},"end":{"line":86,"column":null}},"40":{"start":{"line":85,"column":6},"end":{"line":85,"column":null}},"41":{"start":{"line":87,"column":42},"end":{"line":87,"column":null}},"42":{"start":{"line":88,"column":4},"end":{"line":91,"column":null}},"43":{"start":{"line":89,"column":6},"end":{"line":89,"column":null}},"44":{"start":{"line":89,"column":37},"end":{"line":89,"column":null}},"45":{"start":{"line":90,"column":6},"end":{"line":90,"column":null}},"46":{"start":{"line":92,"column":4},"end":{"line":92,"column":null}},"47":{"start":{"line":96,"column":4},"end":{"line":100,"column":null}},"48":{"start":{"line":97,"column":6},"end":{"line":97,"column":null}},"49":{"start":{"line":97,"column":44},"end":{"line":97,"column":59}},"50":{"start":{"line":99,"column":6},"end":{"line":99,"column":null}}},"fnMap":{"0":{"name":"(anonymous_0)","decl":{"start":{"line":34,"column":2},"end":{"line":34,"column":null}},"loc":{"start":{"line":38,"column":4},"end":{"line":38,"column":null}}},"1":{"name":"(anonymous_1)","decl":{"start":{"line":40,"column":2},"end":{"line":40,"column":39}},"loc":{"start":{"line":40,"column":39},"end":{"line":76,"column":null}}},"2":{"name":"(anonymous_2)","decl":{"start":{"line":78,"column":2},"end":{"line":78,"column":17}},"loc":{"start":{"line":78,"column":17},"end":{"line":93,"column":null}}},"3":{"name":"(anonymous_3)","decl":{"start":{"line":80,"column":47},"end":{"line":80,"column":48}},"loc":{"start":{"line":80,"column":65},"end":{"line":83,"column":5}}},"4":{"name":"(anonymous_4)","decl":{"start":{"line":84,"column":31},"end":{"line":84,"column":32}},"loc":{"start":{"line":84,"column":48},"end":{"line":86,"column":5}}},"5":{"name":"(anonymous_5)","decl":{"start":{"line":88,"column":40},"end":{"line":88,"column":41}},"loc":{"start":{"line":88,"column":58},"end":{"line":91,"column":5}}},"6":{"name":"(anonymous_6)","decl":{"start":{"line":95,"column":2},"end":{"line":95,"column":18}},"loc":{"start":{"line":95,"column":31},"end":{"line":101,"column":null}}},"7":{"name":"(anonymous_7)","decl":{"start":{"line":97,"column":37},"end":{"line":97,"column":38}},"loc":{"start":{"line":97,"column":44},"end":{"line":97,"column":59}}}},"branchMap":{"0":{"loc":{"start":{"line":35,"column":21},"end":{"line":35,"column":null}},"type":"default-arg","locations":[{"start":{"line":35,"column":58},"end":{"line":35,"column":null}}]},"1":{"loc":{"start":{"line":44,"column":12},"end":{"line":44,"column":null}},"type":"cond-expr","locations":[{"start":{"line":44,"column":36},"end":{"line":44,"column":67}},{"start":{"line":44,"column":67},"end":{"line":44,"column":null}}]},"2":{"loc":{"start":{"line":56,"column":4},"end":{"line":56,"column":null}},"type":"if","locations":[{"start":{"line":56,"column":4},"end":{"line":56,"column":null}},{"start":{},"end":{}}]},"3":{"loc":{"start":{"line":59,"column":4},"end":{"line":63,"column":null}},"type":"if","locations":[{"start":{"line":59,"column":4},"end":{"line":63,"column":null}},{"start":{},"end":{}}]},"4":{"loc":{"start":{"line":59,"column":8},"end":{"line":59,"column":97}},"type":"binary-expr","locations":[{"start":{"line":59,"column":8},"end":{"line":59,"column":21}},{"start":{"line":59,"column":21},"end":{"line":59,"column":50}},{"start":{"line":59,"column":50},"end":{"line":59,"column":97}}]},"5":{"loc":{"start":{"line":61,"column":27},"end":{"line":61,"column":null}},"type":"cond-expr","locations":[{"start":{"line":61,"column":37},"end":{"line":61,"column":43}},{"start":{"line":61,"column":43},"end":{"line":61,"column":null}}]},"6":{"loc":{"start":{"line":81,"column":6},"end":{"line":81,"column":null}},"type":"if","locations":[{"start":{"line":81,"column":6},"end":{"line":81,"column":null}},{"start":{},"end":{}}]},"7":{"loc":{"start":{"line":89,"column":6},"end":{"line":89,"column":null}},"type":"if","locations":[{"start":{"line":89,"column":6},"end":{"line":89,"column":null}},{"start":{},"end":{}}]},"8":{"loc":{"start":{"line":96,"column":4},"end":{"line":100,"column":null}},"type":"if","locations":[{"start":{"line":96,"column":4},"end":{"line":100,"column":null}},{"start":{"line":98,"column":11},"end":{"line":100,"column":null}}]}},"s":{"0":4,"1":4,"2":4,"3":4,"4":4,"5":4,"6":4,"7":4,"8":4,"9":4,"10":4,"11":4,"12":4,"13":4,"14":4,"15":4,"16":4,"17":4,"18":4,"19":4,"20":4,"21":4,"22":1,"23":1,"24":1,"25":1,"26":1,"27":0,"28":1,"29":1,"30":0,"31":0,"32":0,"33":1,"34":2,"35":2,"36":2,"37":1,"38":1,"39":2,"40":0,"41":2,"42":2,"43":2,"44":1,"45":1,"46":2,"47":9,"48":6,"49":6,"50":3},"f":{"0":4,"1":1,"2":2,"3":2,"4":0,"5":2,"6":9,"7":6},"b":{"0":[0],"1":[1,0],"2":[0,1],"3":[0,1],"4":[1,0,0],"5":[0,0],"6":[1,1],"7":[1,1],"8":[6,3]}}
,"/Users/nikitamelnikov/Documents/work/openreplay/networkProxy/src/types.ts": {"path":"/Users/nikitamelnikov/Documents/work/openreplay/networkProxy/src/types.ts","statementMap":{"0":{"start":{"line":33,"column":7},"end":{"line":33,"column":null}},"1":{"start":{"line":34,"column":2},"end":{"line":34,"column":11}},"2":{"start":{"line":35,"column":2},"end":{"line":35,"column":11}},"3":{"start":{"line":36,"column":2},"end":{"line":36,"column":21}},"4":{"start":{"line":37,"column":2},"end":{"line":37,"column":12}},"5":{"start":{"line":38,"column":2},"end":{"line":38,"column":9}},"6":{"start":{"line":33,"column":12},"end":{"line":33,"column":null}}},"fnMap":{"0":{"name":"(anonymous_0)","decl":{"start":{"line":33,"column":7},"end":{"line":33,"column":12}},"loc":{"start":{"line":33,"column":7},"end":{"line":33,"column":null}}}},"branchMap":{"0":{"loc":{"start":{"line":33,"column":12},"end":{"line":33,"column":null}},"type":"binary-expr","locations":[{"start":{"line":33,"column":12},"end":{"line":33,"column":null}},{"start":{"line":33,"column":12},"end":{"line":33,"column":null}}]}},"s":{"0":0,"1":0,"2":0,"3":0,"4":0,"5":0,"6":0},"f":{"0":0},"b":{"0":[0,0]}}
,"/Users/nikitamelnikov/Documents/work/openreplay/networkProxy/src/utils.ts": {"path":"/Users/nikitamelnikov/Documents/work/openreplay/networkProxy/src/utils.ts","statementMap":{"0":{"start":{"line":1,"column":33},"end":{"line":34,"column":null}},"1":{"start":{"line":5,"column":15},"end":{"line":5,"column":null}},"2":{"start":{"line":6,"column":2},"end":{"line":32,"column":null}},"3":{"start":{"line":10,"column":6},"end":{"line":21,"column":null}},"4":{"start":{"line":11,"column":8},"end":{"line":16,"column":null}},"5":{"start":{"line":12,"column":10},"end":{"line":12,"column":null}},"6":{"start":{"line":15,"column":10},"end":{"line":15,"column":null}},"7":{"start":{"line":17,"column":6},"end":{"line":21,"column":null}},"8":{"start":{"line":18,"column":8},"end":{"line":18,"column":null}},"9":{"start":{"line":19,"column":6},"end":{"line":21,"column":null}},"10":{"start":{"line":20,"column":8},"end":{"line":20,"column":null}},"11":{"start":{"line":22,"column":6},"end":{"line":22,"column":null}},"12":{"start":{"line":28,"column":6},"end":{"line":30,"column":null}},"13":{"start":{"line":29,"column":8},"end":{"line":29,"column":null}},"14":{"start":{"line":31,"column":6},"end":{"line":31,"column":null}},"15":{"start":{"line":33,"column":2},"end":{"line":33,"column":null}},"16":{"start":{"line":36,"column":39},"end":{"line":63,"column":null}},"17":{"start":{"line":40,"column":15},"end":{"line":40,"column":null}},"18":{"start":{"line":41,"column":2},"end":{"line":61,"column":null}},"19":{"start":{"line":45,"column":6},"end":{"line":51,"column":null}},"20":{"start":{"line":46,"column":8},"end":{"line":46,"column":null}},"21":{"start":{"line":47,"column":6},"end":{"line":51,"column":null}},"22":{"start":{"line":48,"column":8},"end":{"line":48,"column":null}},"23":{"start":{"line":49,"column":6},"end":{"line":51,"column":null}},"24":{"start":{"line":50,"column":8},"end":{"line":50,"column":null}},"25":{"start":{"line":52,"column":6},"end":{"line":52,"column":null}},"26":{"start":{"line":57,"column":6},"end":{"line":59,"column":null}},"27":{"start":{"line":58,"column":8},"end":{"line":58,"column":null}},"28":{"start":{"line":60,"column":6},"end":{"line":60,"column":null}},"29":{"start":{"line":62,"column":2},"end":{"line":62,"column":null}},"30":{"start":{"line":65,"column":29},"end":{"line":104,"column":null}},"31":{"start":{"line":66,"column":2},"end":{"line":68,"column":null}},"32":{"start":{"line":67,"column":4},"end":{"line":67,"column":null}},"33":{"start":{"line":71,"column":2},"end":{"line":102,"column":null}},"34":{"start":{"line":72,"column":4},"end":{"line":74,"column":null}},"35":{"start":{"line":73,"column":6},"end":{"line":73,"column":null}},"36":{"start":{"line":76,"column":16},"end":{"line":76,"column":null}},"37":{"start":{"line":77,"column":4},"end":{"line":83,"column":null}},"38":{"start":{"line":79,"column":6},"end":{"line":79,"column":null}},"39":{"start":{"line":82,"column":6},"end":{"line":82,"column":null}},"40":{"start":{"line":84,"column":2},"end":{"line":102,"column":null}},"41":{"start":{"line":86,"column":16},"end":{"line":86,"column":null}},"42":{"start":{"line":87,"column":4},"end":{"line":89,"column":null}},"43":{"start":{"line":88,"column":6},"end":{"line":88,"column":null}},"44":{"start":{"line":90,"column":4},"end":{"line":90,"column":null}},"45":{"start":{"line":91,"column":2},"end":{"line":102,"column":null}},"46":{"start":{"line":96,"column":4},"end":{"line":96,"column":null}},"47":{"start":{"line":97,"column":2},"end":{"line":102,"column":null}},"48":{"start":{"line":99,"column":4},"end":{"line":99,"column":null}},"49":{"start":{"line":101,"column":4},"end":{"line":101,"column":null}},"50":{"start":{"line":103,"column":2},"end":{"line":103,"column":null}},"51":{"start":{"line":106,"column":31},"end":{"line":127,"column":null}},"52":{"start":{"line":107,"column":2},"end":{"line":109,"column":null}},"53":{"start":{"line":108,"column":4},"end":{"line":108,"column":null}},"54":{"start":{"line":110,"column":24},"end":{"line":110,"column":null}},"55":{"start":{"line":111,"column":2},"end":{"line":111,"column":null}},"56":{"start":{"line":112,"column":2},"end":{"line":125,"column":null}},"57":{"start":{"line":113,"column":4},"end":{"line":113,"column":null}},"58":{"start":{"line":114,"column":4},"end":{"line":124,"column":null}},"59":{"start":{"line":115,"column":17},"end":{"line":115,"column":null}},"60":{"start":{"line":116,"column":6},"end":{"line":123,"column":null}},"61":{"start":{"line":117,"column":8},"end":{"line":117,"column":null}},"62":{"start":{"line":122,"column":8},"end":{"line":122,"column":null}},"63":{"start":{"line":126,"column":2},"end":{"line":126,"column":null}},"64":{"start":{"line":129,"column":32},"end":{"line":168,"column":null}},"65":{"start":{"line":130,"column":2},"end":{"line":132,"column":null}},"66":{"start":{"line":131,"column":4},"end":{"line":131,"column":null}},"67":{"start":{"line":135,"column":2},"end":{"line":166,"column":null}},"68":{"start":{"line":136,"column":4},"end":{"line":148,"column":null}},"69":{"start":{"line":138,"column":6},"end":{"line":138,"column":null}},"70":{"start":{"line":141,"column":18},"end":{"line":141,"column":null}},"71":{"start":{"line":142,"column":6},"end":{"line":142,"column":null}},"72":{"start":{"line":144,"column":6},"end":{"line":147,"column":null}},"73":{"start":{"line":145,"column":19},"end":{"line":145,"column":null}},"74":{"start":{"line":146,"column":8},"end":{"line":146,"column":null}},"75":{"start":{"line":149,"column":2},"end":{"line":166,"column":null}},"76":{"start":{"line":151,"column":4},"end":{"line":151,"column":null}},"77":{"start":{"line":152,"column":4},"end":{"line":154,"column":null}},"78":{"start":{"line":153,"column":6},"end":{"line":153,"column":null}},"79":{"start":{"line":155,"column":2},"end":{"line":166,"column":null}},"80":{"start":{"line":161,"column":4},"end":{"line":161,"column":null}},"81":{"start":{"line":162,"column":2},"end":{"line":166,"column":null}},"82":{"start":{"line":163,"column":4},"end":{"line":163,"column":null}},"83":{"start":{"line":165,"column":4},"end":{"line":165,"column":null}},"84":{"start":{"line":167,"column":2},"end":{"line":167,"column":null}},"85":{"start":{"line":171,"column":2},"end":{"line":171,"column":null}},"86":{"start":{"line":175,"column":2},"end":{"line":177,"column":null}},"87":{"start":{"line":176,"column":4},"end":{"line":176,"column":null}},"88":{"start":{"line":178,"column":2},"end":{"line":180,"column":null}},"89":{"start":{"line":179,"column":4},"end":{"line":179,"column":null}},"90":{"start":{"line":181,"column":2},"end":{"line":181,"column":null}},"91":{"start":{"line":185,"column":2},"end":{"line":188,"column":null}},"92":{"start":{"line":187,"column":4},"end":{"line":187,"column":null}},"93":{"start":{"line":189,"column":2},"end":{"line":191,"column":null}},"94":{"start":{"line":190,"column":4},"end":{"line":190,"column":null}},"95":{"start":{"line":192,"column":2},"end":{"line":194,"column":null}},"96":{"start":{"line":193,"column":4},"end":{"line":193,"column":null}},"97":{"start":{"line":195,"column":2},"end":{"line":195,"column":null}},"98":{"start":{"line":198,"column":22},"end":{"line":208,"column":null}},"99":{"start":{"line":199,"column":2},"end":{"line":202,"column":null}},"100":{"start":{"line":200,"column":20},"end":{"line":200,"column":null}},"101":{"start":{"line":201,"column":4},"end":{"line":201,"column":null}},"102":{"start":{"line":203,"column":2},"end":{"line":207,"column":null}},"103":{"start":{"line":204,"column":4},"end":{"line":204,"column":null}},"104":{"start":{"line":206,"column":4},"end":{"line":206,"column":null}}},"fnMap":{"0":{"name":"(anonymous_0)","decl":{"start":{"line":1,"column":33},"end":{"line":1,"column":null}},"loc":{"start":{"line":4,"column":35},"end":{"line":34,"column":null}}},"1":{"name":"(anonymous_1)","decl":{"start":{"line":36,"column":39},"end":{"line":36,"column":null}},"loc":{"start":{"line":39,"column":5},"end":{"line":63,"column":null}}},"2":{"name":"(anonymous_2)","decl":{"start":{"line":65,"column":29},"end":{"line":65,"column":30}},"loc":{"start":{"line":65,"column":50},"end":{"line":104,"column":null}}},"3":{"name":"(anonymous_3)","decl":{"start":{"line":106,"column":31},"end":{"line":106,"column":32}},"loc":{"start":{"line":106,"column":83},"end":{"line":127,"column":null}}},"4":{"name":"(anonymous_4)","decl":{"start":{"line":129,"column":32},"end":{"line":129,"column":33}},"loc":{"start":{"line":129,"column":53},"end":{"line":168,"column":null}}},"5":{"name":"isPureObject","decl":{"start":{"line":170,"column":16},"end":{"line":170,"column":29}},"loc":{"start":{"line":170,"column":68},"end":{"line":172,"column":null}}},"6":{"name":"isIterable","decl":{"start":{"line":174,"column":16},"end":{"line":174,"column":27}},"loc":{"start":{"line":174,"column":39},"end":{"line":182,"column":null}}},"7":{"name":"formatByteSize","decl":{"start":{"line":184,"column":16},"end":{"line":184,"column":31}},"loc":{"start":{"line":184,"column":46},"end":{"line":196,"column":null}}},"8":{"name":"(anonymous_8)","decl":{"start":{"line":198,"column":22},"end":{"line":198,"column":23}},"loc":{"start":{"line":198,"column":45},"end":{"line":208,"column":null}}}},"branchMap":{"0":{"loc":{"start":{"line":6,"column":2},"end":{"line":32,"column":null}},"type":"switch","locations":[{"start":{"line":7,"column":4},"end":{"line":7,"column":null}},{"start":{"line":8,"column":4},"end":{"line":8,"column":null}},{"start":{"line":9,"column":4},"end":{"line":22,"column":null}},{"start":{"line":24,"column":4},"end":{"line":24,"column":null}},{"start":{"line":25,"column":4},"end":{"line":25,"column":null}},{"start":{"line":26,"column":4},"end":{"line":26,"column":null}},{"start":{"line":27,"column":4},"end":{"line":31,"column":null}}]},"1":{"loc":{"start":{"line":10,"column":6},"end":{"line":21,"column":null}},"type":"if","locations":[{"start":{"line":10,"column":6},"end":{"line":21,"column":null}},{"start":{"line":17,"column":6},"end":{"line":21,"column":null}}]},"2":{"loc":{"start":{"line":17,"column":6},"end":{"line":21,"column":null}},"type":"if","locations":[{"start":{"line":17,"column":6},"end":{"line":21,"column":null}},{"start":{"line":19,"column":6},"end":{"line":21,"column":null}}]},"3":{"loc":{"start":{"line":17,"column":17},"end":{"line":17,"column":68}},"type":"binary-expr","locations":[{"start":{"line":17,"column":17},"end":{"line":17,"column":43}},{"start":{"line":17,"column":43},"end":{"line":17,"column":68}}]},"4":{"loc":{"start":{"line":19,"column":6},"end":{"line":21,"column":null}},"type":"if","locations":[{"start":{"line":19,"column":6},"end":{"line":21,"column":null}},{"start":{},"end":{}}]},"5":{"loc":{"start":{"line":28,"column":6},"end":{"line":30,"column":null}},"type":"if","locations":[{"start":{"line":28,"column":6},"end":{"line":30,"column":null}},{"start":{},"end":{}}]},"6":{"loc":{"start":{"line":41,"column":2},"end":{"line":61,"column":null}},"type":"switch","locations":[{"start":{"line":42,"column":4},"end":{"line":42,"column":null}},{"start":{"line":43,"column":4},"end":{"line":43,"column":null}},{"start":{"line":44,"column":4},"end":{"line":52,"column":null}},{"start":{"line":53,"column":4},"end":{"line":53,"column":null}},{"start":{"line":54,"column":4},"end":{"line":54,"column":null}},{"start":{"line":55,"column":4},"end":{"line":55,"column":null}},{"start":{"line":56,"column":4},"end":{"line":60,"column":null}}]},"7":{"loc":{"start":{"line":45,"column":6},"end":{"line":51,"column":null}},"type":"if","locations":[{"start":{"line":45,"column":6},"end":{"line":51,"column":null}},{"start":{"line":47,"column":6},"end":{"line":51,"column":null}}]},"8":{"loc":{"start":{"line":47,"column":6},"end":{"line":51,"column":null}},"type":"if","locations":[{"start":{"line":47,"column":6},"end":{"line":51,"column":null}},{"start":{"line":49,"column":6},"end":{"line":51,"column":null}}]},"9":{"loc":{"start":{"line":47,"column":17},"end":{"line":47,"column":68}},"type":"binary-expr","locations":[{"start":{"line":47,"column":17},"end":{"line":47,"column":43}},{"start":{"line":47,"column":43},"end":{"line":47,"column":68}}]},"10":{"loc":{"start":{"line":49,"column":6},"end":{"line":51,"column":null}},"type":"if","locations":[{"start":{"line":49,"column":6},"end":{"line":51,"column":null}},{"start":{},"end":{}}]},"11":{"loc":{"start":{"line":57,"column":6},"end":{"line":59,"column":null}},"type":"if","locations":[{"start":{"line":57,"column":6},"end":{"line":59,"column":null}},{"start":{},"end":{}}]},"12":{"loc":{"start":{"line":66,"column":2},"end":{"line":68,"column":null}},"type":"if","locations":[{"start":{"line":66,"column":2},"end":{"line":68,"column":null}},{"start":{},"end":{}}]},"13":{"loc":{"start":{"line":71,"column":2},"end":{"line":102,"column":null}},"type":"if","locations":[{"start":{"line":71,"column":2},"end":{"line":102,"column":null}},{"start":{"line":84,"column":2},"end":{"line":102,"column":null}}]},"14":{"loc":{"start":{"line":72,"column":4},"end":{"line":74,"column":null}},"type":"if","locations":[{"start":{"line":72,"column":4},"end":{"line":74,"column":null}},{"start":{},"end":{}}]},"15":{"loc":{"start":{"line":72,"column":8},"end":{"line":72,"column":44}},"type":"binary-expr","locations":[{"start":{"line":72,"column":8},"end":{"line":72,"column":27}},{"start":{"line":72,"column":27},"end":{"line":72,"column":44}}]},"16":{"loc":{"start":{"line":77,"column":4},"end":{"line":83,"column":null}},"type":"if","locations":[{"start":{"line":77,"column":4},"end":{"line":83,"column":null}},{"start":{"line":80,"column":11},"end":{"line":83,"column":null}}]},"17":{"loc":{"start":{"line":84,"column":2},"end":{"line":102,"column":null}},"type":"if","locations":[{"start":{"line":84,"column":2},"end":{"line":102,"column":null}},{"start":{"line":91,"column":2},"end":{"line":102,"column":null}}]},"18":{"loc":{"start":{"line":88,"column":25},"end":{"line":88,"column":78}},"type":"cond-expr","locations":[{"start":{"line":88,"column":53},"end":{"line":88,"column":61}},{"start":{"line":88,"column":61},"end":{"line":88,"column":78}}]},"19":{"loc":{"start":{"line":91,"column":2},"end":{"line":102,"column":null}},"type":"if","locations":[{"start":{"line":91,"column":2},"end":{"line":102,"column":null}},{"start":{"line":97,"column":2},"end":{"line":102,"column":null}}]},"20":{"loc":{"start":{"line":92,"column":4},"end":{"line":94,"column":null}},"type":"binary-expr","locations":[{"start":{"line":92,"column":4},"end":{"line":92,"column":null}},{"start":{"line":93,"column":4},"end":{"line":93,"column":null}},{"start":{"line":94,"column":4},"end":{"line":94,"column":null}}]},"21":{"loc":{"start":{"line":97,"column":2},"end":{"line":102,"column":null}},"type":"if","locations":[{"start":{"line":97,"column":2},"end":{"line":102,"column":null}},{"start":{"line":100,"column":9},"end":{"line":102,"column":null}}]},"22":{"loc":{"start":{"line":106,"column":45},"end":{"line":106,"column":83}},"type":"default-arg","locations":[{"start":{"line":106,"column":76},"end":{"line":106,"column":83}}]},"23":{"loc":{"start":{"line":107,"column":2},"end":{"line":109,"column":null}},"type":"if","locations":[{"start":{"line":107,"column":2},"end":{"line":109,"column":null}},{"start":{},"end":{}}]},"24":{"loc":{"start":{"line":110,"column":24},"end":{"line":110,"column":null}},"type":"cond-expr","locations":[{"start":{"line":110,"column":30},"end":{"line":110,"column":47}},{"start":{"line":110,"column":47},"end":{"line":110,"column":null}}]},"25":{"loc":{"start":{"line":112,"column":2},"end":{"line":125,"column":null}},"type":"if","locations":[{"start":{"line":112,"column":2},"end":{"line":125,"column":null}},{"start":{},"end":{}}]},"26":{"loc":{"start":{"line":130,"column":2},"end":{"line":132,"column":null}},"type":"if","locations":[{"start":{"line":130,"column":2},"end":{"line":132,"column":null}},{"start":{},"end":{}}]},"27":{"loc":{"start":{"line":135,"column":2},"end":{"line":166,"column":null}},"type":"if","locations":[{"start":{"line":135,"column":2},"end":{"line":166,"column":null}},{"start":{"line":149,"column":2},"end":{"line":166,"column":null}}]},"28":{"loc":{"start":{"line":146,"column":24},"end":{"line":146,"column":null}},"type":"cond-expr","locations":[{"start":{"line":146,"column":46},"end":{"line":146,"column":60}},{"start":{"line":146,"column":60},"end":{"line":146,"column":null}}]},"29":{"loc":{"start":{"line":149,"column":2},"end":{"line":166,"column":null}},"type":"if","locations":[{"start":{"line":149,"column":2},"end":{"line":166,"column":null}},{"start":{"line":155,"column":2},"end":{"line":166,"column":null}}]},"30":{"loc":{"start":{"line":153,"column":20},"end":{"line":153,"column":null}},"type":"cond-expr","locations":[{"start":{"line":153,"column":48},"end":{"line":153,"column":56}},{"start":{"line":153,"column":56},"end":{"line":153,"column":null}}]},"31":{"loc":{"start":{"line":155,"column":2},"end":{"line":166,"column":null}},"type":"if","locations":[{"start":{"line":155,"column":2},"end":{"line":166,"column":null}},{"start":{"line":162,"column":2},"end":{"line":166,"column":null}}]},"32":{"loc":{"start":{"line":156,"column":4},"end":{"line":159,"column":null}},"type":"binary-expr","locations":[{"start":{"line":156,"column":4},"end":{"line":156,"column":null}},{"start":{"line":157,"column":4},"end":{"line":157,"column":null}},{"start":{"line":158,"column":4},"end":{"line":158,"column":null}},{"start":{"line":159,"column":4},"end":{"line":159,"column":null}}]},"33":{"loc":{"start":{"line":162,"column":2},"end":{"line":166,"column":null}},"type":"if","locations":[{"start":{"line":162,"column":2},"end":{"line":166,"column":null}},{"start":{"line":164,"column":9},"end":{"line":166,"column":null}}]},"34":{"loc":{"start":{"line":171,"column":9},"end":{"line":171,"column":null}},"type":"binary-expr","locations":[{"start":{"line":171,"column":9},"end":{"line":171,"column":27}},{"start":{"line":171,"column":27},"end":{"line":171,"column":null}}]},"35":{"loc":{"start":{"line":175,"column":2},"end":{"line":177,"column":null}},"type":"if","locations":[{"start":{"line":175,"column":2},"end":{"line":177,"column":null}},{"start":{},"end":{}}]},"36":{"loc":{"start":{"line":175,"column":6},"end":{"line":175,"column":45}},"type":"binary-expr","locations":[{"start":{"line":175,"column":6},"end":{"line":175,"column":24}},{"start":{"line":175,"column":24},"end":{"line":175,"column":45}}]},"37":{"loc":{"start":{"line":178,"column":2},"end":{"line":180,"column":null}},"type":"if","locations":[{"start":{"line":178,"column":2},"end":{"line":180,"column":null}},{"start":{},"end":{}}]},"38":{"loc":{"start":{"line":181,"column":9},"end":{"line":181,"column":null}},"type":"binary-expr","locations":[{"start":{"line":181,"column":9},"end":{"line":181,"column":42}},{"start":{"line":181,"column":42},"end":{"line":181,"column":null}}]},"39":{"loc":{"start":{"line":185,"column":2},"end":{"line":188,"column":null}},"type":"if","locations":[{"start":{"line":185,"column":2},"end":{"line":188,"column":null}},{"start":{},"end":{}}]},"40":{"loc":{"start":{"line":189,"column":2},"end":{"line":191,"column":null}},"type":"if","locations":[{"start":{"line":189,"column":2},"end":{"line":191,"column":null}},{"start":{},"end":{}}]},"41":{"loc":{"start":{"line":192,"column":2},"end":{"line":194,"column":null}},"type":"if","locations":[{"start":{"line":192,"column":2},"end":{"line":194,"column":null}},{"start":{},"end":{}}]},"42":{"loc":{"start":{"line":199,"column":2},"end":{"line":202,"column":null}},"type":"if","locations":[{"start":{"line":199,"column":2},"end":{"line":202,"column":null}},{"start":{},"end":{}}]},"43":{"loc":{"start":{"line":203,"column":2},"end":{"line":207,"column":null}},"type":"if","locations":[{"start":{"line":203,"column":2},"end":{"line":207,"column":null}},{"start":{"line":205,"column":9},"end":{"line":207,"column":null}}]}},"s":{"0":1,"1":2,"2":2,"3":1,"4":1,"5":1,"6":0,"7":0,"8":0,"9":0,"10":0,"11":1,"12":1,"13":1,"14":1,"15":2,"16":1,"17":3,"18":3,"19":2,"20":1,"21":1,"22":1,"23":0,"24":0,"25":2,"26":1,"27":1,"28":1,"29":3,"30":1,"31":2,"32":0,"33":2,"34":1,"35":1,"36":1,"37":1,"38":1,"39":0,"40":1,"41":1,"42":1,"43":1,"44":1,"45":0,"46":0,"47":0,"48":0,"49":0,"50":2,"51":1,"52":2,"53":1,"54":2,"55":2,"56":2,"57":2,"58":2,"59":2,"60":2,"61":2,"62":0,"63":2,"64":1,"65":6,"66":0,"67":6,"68":2,"69":2,"70":1,"71":1,"72":1,"73":2,"74":2,"75":4,"76":1,"77":1,"78":2,"79":3,"80":3,"81":0,"82":0,"83":0,"84":6,"85":7,"86":9,"87":1,"88":8,"89":2,"90":6,"91":4,"92":1,"93":3,"94":1,"95":2,"96":1,"97":1,"98":1,"99":3,"100":1,"101":1,"102":3,"103":2,"104":1},"f":{"0":2,"1":3,"2":2,"3":2,"4":6,"5":7,"6":9,"7":4,"8":3},"b":{"0":[0,0,1,1,1,1,1],"1":[1,0],"2":[0,0],"3":[0,0],"4":[0,0],"5":[1,0],"6":[0,0,2,1,1,1,1],"7":[1,1],"8":[1,0],"9":[1,0],"10":[0,0],"11":[1,0],"12":[0,2],"13":[1,1],"14":[1,0],"15":[1,0],"16":[1,0],"17":[1,0],"18":[1,0],"19":[0,0],"20":[0,0,0],"21":[0,0],"22":[1],"23":[1,1],"24":[2,0],"25":[2,0],"26":[0,6],"27":[2,4],"28":[0,2],"29":[1,3],"30":[2,0],"31":[3,0],"32":[3,1,0,0],"33":[0,0],"34":[7,6],"35":[1,8],"36":[9,9],"37":[2,6],"38":[6,6],"39":[1,3],"40":[1,2],"41":[1,1],"42":[1,2],"43":[2,1]}}
,"/Users/nikitamelnikov/Documents/work/openreplay/networkProxy/src/xhrProxy.ts": {"path":"/Users/nikitamelnikov/Documents/work/openreplay/networkProxy/src/xhrProxy.ts","statementMap":{"0":{"start":{"line":19,"column":21},"end":{"line":19,"column":null}},"1":{"start":{"line":20,"column":21},"end":{"line":20,"column":null}},"2":{"start":{"line":21,"column":21},"end":{"line":21,"column":null}},"3":{"start":{"line":22,"column":21},"end":{"line":22,"column":null}},"4":{"start":{"line":23,"column":21},"end":{"line":23,"column":null}},"5":{"start":{"line":24,"column":21},"end":{"line":24,"column":null}},"6":{"start":{"line":26,"column":4},"end":{"line":26,"column":null}},"7":{"start":{"line":27,"column":4},"end":{"line":29,"column":null}},"8":{"start":{"line":28,"column":6},"end":{"line":28,"column":null}},"9":{"start":{"line":30,"column":4},"end":{"line":32,"column":null}},"10":{"start":{"line":31,"column":6},"end":{"line":31,"column":null}},"11":{"start":{"line":33,"column":4},"end":{"line":35,"column":null}},"12":{"start":{"line":34,"column":6},"end":{"line":34,"column":null}},"13":{"start":{"line":36,"column":4},"end":{"line":36,"column":null}},"14":{"start":{"line":37,"column":4},"end":{"line":37,"column":null}},"15":{"start":{"line":41,"column":4},"end":{"line":64,"column":null}},"16":{"start":{"line":43,"column":8},"end":{"line":43,"column":null}},"17":{"start":{"line":45,"column":8},"end":{"line":52,"column":null}},"18":{"start":{"line":46,"column":10},"end":{"line":50,"column":null}},"19":{"start":{"line":47,"column":12},"end":{"line":49,"column":null}},"20":{"start":{"line":48,"column":14},"end":{"line":48,"column":null}},"21":{"start":{"line":51,"column":10},"end":{"line":51,"column":null}},"22":{"start":{"line":53,"column":8},"end":{"line":53,"column":null}},"23":{"start":{"line":55,"column":8},"end":{"line":55,"column":null}},"24":{"start":{"line":58,"column":22},"end":{"line":58,"column":null}},"25":{"start":{"line":59,"column":8},"end":{"line":63,"column":null}},"26":{"start":{"line":60,"column":10},"end":{"line":60,"column":null}},"27":{"start":{"line":62,"column":10},"end":{"line":62,"column":null}},"28":{"start":{"line":68,"column":4},"end":{"line":77,"column":null}},"29":{"start":{"line":70,"column":8},"end":{"line":70,"column":null}},"30":{"start":{"line":72,"column":8},"end":{"line":72,"column":null}},"31":{"start":{"line":74,"column":8},"end":{"line":74,"column":null}},"32":{"start":{"line":78,"column":4},"end":{"line":78,"column":null}},"33":{"start":{"line":82,"column":4},"end":{"line":82,"column":null}},"34":{"start":{"line":82,"column":59},"end":{"line":82,"column":null}},"35":{"start":{"line":83,"column":4},"end":{"line":83,"column":null}},"36":{"start":{"line":84,"column":4},"end":{"line":84,"column":null}},"37":{"start":{"line":85,"column":4},"end":{"line":85,"column":null}},"38":{"start":{"line":86,"column":4},"end":{"line":86,"column":null}},"39":{"start":{"line":87,"column":4},"end":{"line":87,"column":null}},"40":{"start":{"line":88,"column":4},"end":{"line":90,"column":null}},"41":{"start":{"line":89,"column":6},"end":{"line":89,"column":null}},"42":{"start":{"line":92,"column":4},"end":{"line":97,"column":null}},"43":{"start":{"line":93,"column":18},"end":{"line":93,"column":null}},"44":{"start":{"line":94,"column":6},"end":{"line":96,"column":null}},"45":{"start":{"line":95,"column":8},"end":{"line":95,"column":null}},"46":{"start":{"line":101,"column":4},"end":{"line":101,"column":null}},"47":{"start":{"line":102,"column":4},"end":{"line":102,"column":null}},"48":{"start":{"line":104,"column":16},"end":{"line":104,"column":null}},"49":{"start":{"line":105,"column":4},"end":{"line":107,"column":null}},"50":{"start":{"line":106,"column":6},"end":{"line":106,"column":null}},"51":{"start":{"line":111,"column":4},"end":{"line":111,"column":null}},"52":{"start":{"line":112,"column":4},"end":{"line":112,"column":null}},"53":{"start":{"line":114,"column":16},"end":{"line":114,"column":null}},"54":{"start":{"line":115,"column":4},"end":{"line":117,"column":null}},"55":{"start":{"line":116,"column":6},"end":{"line":116,"column":null}},"56":{"start":{"line":121,"column":27},"end":{"line":121,"column":null}},"57":{"start":{"line":122,"column":4},"end":{"line":130,"column":null}},"58":{"start":{"line":123,"column":21},"end":{"line":123,"column":null}},"59":{"start":{"line":124,"column":18},"end":{"line":124,"column":null}},"60":{"start":{"line":125,"column":6},"end":{"line":125,"column":null}},"61":{"start":{"line":126,"column":6},"end":{"line":126,"column":null}},"62":{"start":{"line":127,"column":6},"end":{"line":127,"column":null}},"63":{"start":{"line":128,"column":6},"end":{"line":128,"column":null}},"64":{"start":{"line":129,"column":6},"end":{"line":129,"column":null}},"65":{"start":{"line":134,"column":27},"end":{"line":134,"column":null}},"66":{"start":{"line":135,"column":4},"end":{"line":139,"column":null}},"67":{"start":{"line":136,"column":43},"end":{"line":136,"column":null}},"68":{"start":{"line":137,"column":6},"end":{"line":137,"column":null}},"69":{"start":{"line":138,"column":6},"end":{"line":138,"column":null}},"70":{"start":{"line":143,"column":27},"end":{"line":143,"column":null}},"71":{"start":{"line":144,"column":4},"end":{"line":151,"column":null}},"72":{"start":{"line":145,"column":6},"end":{"line":147,"column":null}},"73":{"start":{"line":146,"column":8},"end":{"line":146,"column":null}},"74":{"start":{"line":149,"column":6},"end":{"line":149,"column":null}},"75":{"start":{"line":150,"column":6},"end":{"line":150,"column":null}},"76":{"start":{"line":155,"column":4},"end":{"line":158,"column":null}},"77":{"start":{"line":156,"column":6},"end":{"line":156,"column":null}},"78":{"start":{"line":157,"column":6},"end":{"line":157,"column":null}},"79":{"start":{"line":162,"column":4},"end":{"line":165,"column":null}},"80":{"start":{"line":163,"column":6},"end":{"line":163,"column":null}},"81":{"start":{"line":164,"column":6},"end":{"line":164,"column":null}},"82":{"start":{"line":169,"column":4},"end":{"line":172,"column":null}},"83":{"start":{"line":170,"column":6},"end":{"line":170,"column":null}},"84":{"start":{"line":171,"column":6},"end":{"line":171,"column":null}},"85":{"start":{"line":179,"column":4},"end":{"line":232,"column":null}},"86":{"start":{"line":182,"column":8},"end":{"line":182,"column":null}},"87":{"start":{"line":183,"column":8},"end":{"line":183,"column":null}},"88":{"start":{"line":184,"column":8},"end":{"line":186,"column":null}},"89":{"start":{"line":185,"column":10},"end":{"line":185,"column":null}},"90":{"start":{"line":187,"column":8},"end":{"line":187,"column":null}},"91":{"start":{"line":189,"column":8},"end":{"line":189,"column":null}},"92":{"start":{"line":190,"column":8},"end":{"line":190,"column":null}},"93":{"start":{"line":191,"column":8},"end":{"line":191,"column":null}},"94":{"start":{"line":193,"column":23},"end":{"line":193,"column":null}},"95":{"start":{"line":194,"column":22},"end":{"line":194,"column":null}},"96":{"start":{"line":196,"column":8},"end":{"line":204,"column":null}},"97":{"start":{"line":196,"column":21},"end":{"line":196,"column":24}},"98":{"start":{"line":197,"column":23},"end":{"line":197,"column":null}},"99":{"start":{"line":198,"column":10},"end":{"line":200,"column":null}},"100":{"start":{"line":199,"column":12},"end":{"line":199,"column":null}},"101":{"start":{"line":201,"column":22},"end":{"line":201,"column":null}},"102":{"start":{"line":202,"column":22},"end":{"line":202,"column":null}},"103":{"start":{"line":203,"column":10},"end":{"line":203,"column":null}},"104":{"start":{"line":205,"column":8},"end":{"line":205,"column":null}},"105":{"start":{"line":207,"column":8},"end":{"line":207,"column":null}},"106":{"start":{"line":208,"column":8},"end":{"line":208,"column":null}},"107":{"start":{"line":209,"column":8},"end":{"line":212,"column":null}},"108":{"start":{"line":210,"column":10},"end":{"line":210,"column":null}},"109":{"start":{"line":211,"column":10},"end":{"line":211,"column":null}},"110":{"start":{"line":213,"column":8},"end":{"line":213,"column":null}},"111":{"start":{"line":216,"column":8},"end":{"line":216,"column":null}},"112":{"start":{"line":218,"column":8},"end":{"line":218,"column":null}},"113":{"start":{"line":219,"column":8},"end":{"line":219,"column":null}},"114":{"start":{"line":220,"column":8},"end":{"line":220,"column":null}},"115":{"start":{"line":221,"column":8},"end":{"line":221,"column":null}},"116":{"start":{"line":223,"column":8},"end":{"line":226,"column":null}},"117":{"start":{"line":224,"column":10},"end":{"line":224,"column":null}},"118":{"start":{"line":225,"column":10},"end":{"line":225,"column":null}},"119":{"start":{"line":227,"column":8},"end":{"line":227,"column":null}},"120":{"start":{"line":229,"column":8},"end":{"line":229,"column":null}},"121":{"start":{"line":230,"column":8},"end":{"line":230,"column":null}},"122":{"start":{"line":231,"column":8},"end":{"line":231,"column":null}},"123":{"start":{"line":245,"column":4},"end":{"line":261,"column":null}},"124":{"start":{"line":247,"column":23},"end":{"line":247,"column":null}},"125":{"start":{"line":248,"column":8},"end":{"line":259,"column":null}}},"fnMap":{"0":{"name":"(anonymous_0)","decl":{"start":{"line":17,"column":2},"end":{"line":17,"column":null}},"loc":{"start":{"line":25,"column":4},"end":{"line":38,"column":null}}},"1":{"name":"(anonymous_1)","decl":{"start":{"line":27,"column":37},"end":{"line":27,"column":43}},"loc":{"start":{"line":27,"column":43},"end":{"line":29,"column":null}}},"2":{"name":"(anonymous_2)","decl":{"start":{"line":30,"column":26},"end":{"line":30,"column":32}},"loc":{"start":{"line":30,"column":32},"end":{"line":32,"column":null}}},"3":{"name":"(anonymous_3)","decl":{"start":{"line":33,"column":28},"end":{"line":33,"column":34}},"loc":{"start":{"line":33,"column":34},"end":{"line":35,"column":null}}},"4":{"name":"(anonymous_4)","decl":{"start":{"line":40,"column":9},"end":{"line":40,"column":13}},"loc":{"start":{"line":40,"column":37},"end":{"line":65,"column":null}}},"5":{"name":"(anonymous_5)","decl":{"start":{"line":45,"column":35},"end":{"line":45,"column":36}},"loc":{"start":{"line":45,"column":68},"end":{"line":52,"column":9}}},"6":{"name":"(anonymous_6)","decl":{"start":{"line":67,"column":9},"end":{"line":67,"column":13}},"loc":{"start":{"line":67,"column":66},"end":{"line":79,"column":null}}},"7":{"name":"(anonymous_7)","decl":{"start":{"line":81,"column":9},"end":{"line":81,"column":30}},"loc":{"start":{"line":81,"column":30},"end":{"line":98,"column":null}}},"8":{"name":"(anonymous_8)","decl":{"start":{"line":88,"column":15},"end":{"line":88,"column":21}},"loc":{"start":{"line":88,"column":21},"end":{"line":90,"column":7}}},"9":{"name":"(anonymous_9)","decl":{"start":{"line":100,"column":9},"end":{"line":100,"column":19}},"loc":{"start":{"line":100,"column":19},"end":{"line":108,"column":null}}},"10":{"name":"(anonymous_10)","decl":{"start":{"line":110,"column":9},"end":{"line":110,"column":21}},"loc":{"start":{"line":110,"column":21},"end":{"line":118,"column":null}}},"11":{"name":"(anonymous_11)","decl":{"start":{"line":120,"column":12},"end":{"line":120,"column":20}},"loc":{"start":{"line":120,"column":31},"end":{"line":131,"column":null}}},"12":{"name":"(anonymous_12)","decl":{"start":{"line":122,"column":11},"end":{"line":122,"column":15}},"loc":{"start":{"line":122,"column":31},"end":{"line":130,"column":null}}},"13":{"name":"(anonymous_13)","decl":{"start":{"line":133,"column":12},"end":{"line":133,"column":20}},"loc":{"start":{"line":133,"column":31},"end":{"line":140,"column":null}}},"14":{"name":"(anonymous_14)","decl":{"start":{"line":135,"column":11},"end":{"line":135,"column":15}},"loc":{"start":{"line":135,"column":31},"end":{"line":139,"column":null}}},"15":{"name":"(anonymous_15)","decl":{"start":{"line":142,"column":12},"end":{"line":142,"column":32}},"loc":{"start":{"line":142,"column":43},"end":{"line":152,"column":null}}},"16":{"name":"(anonymous_16)","decl":{"start":{"line":144,"column":11},"end":{"line":144,"column":15}},"loc":{"start":{"line":144,"column":31},"end":{"line":151,"column":null}}},"17":{"name":"(anonymous_17)","decl":{"start":{"line":154,"column":12},"end":{"line":154,"column":34}},"loc":{"start":{"line":154,"column":94},"end":{"line":159,"column":null}}},"18":{"name":"(anonymous_18)","decl":{"start":{"line":155,"column":36},"end":{"line":155,"column":40}},"loc":{"start":{"line":155,"column":56},"end":{"line":158,"column":5}}},"19":{"name":"(anonymous_19)","decl":{"start":{"line":161,"column":12},"end":{"line":161,"column":23}},"loc":{"start":{"line":161,"column":81},"end":{"line":166,"column":null}}},"20":{"name":"(anonymous_20)","decl":{"start":{"line":162,"column":36},"end":{"line":162,"column":40}},"loc":{"start":{"line":162,"column":56},"end":{"line":165,"column":5}}},"21":{"name":"(anonymous_21)","decl":{"start":{"line":168,"column":12},"end":{"line":168,"column":25}},"loc":{"start":{"line":168,"column":83},"end":{"line":173,"column":null}}},"22":{"name":"(anonymous_22)","decl":{"start":{"line":169,"column":36},"end":{"line":169,"column":40}},"loc":{"start":{"line":169,"column":56},"end":{"line":172,"column":5}}},"23":{"name":"(anonymous_23)","decl":{"start":{"line":178,"column":12},"end":{"line":178,"column":37}},"loc":{"start":{"line":178,"column":37},"end":{"line":233,"column":null}}},"24":{"name":"(anonymous_24)","decl":{"start":{"line":237,"column":2},"end":{"line":237,"column":16}},"loc":{"start":{"line":244,"column":4},"end":{"line":262,"column":null}}},"25":{"name":"(anonymous_25)","decl":{"start":{"line":246,"column":6},"end":{"line":246,"column":16}},"loc":{"start":{"line":246,"column":31},"end":{"line":260,"column":null}}}},"branchMap":{"0":{"loc":{"start":{"line":41,"column":4},"end":{"line":64,"column":null}},"type":"switch","locations":[{"start":{"line":42,"column":6},"end":{"line":43,"column":null}},{"start":{"line":44,"column":6},"end":{"line":53,"column":null}},{"start":{"line":54,"column":6},"end":{"line":55,"column":null}},{"start":{"line":56,"column":6},"end":{"line":63,"column":null}}]},"1":{"loc":{"start":{"line":46,"column":10},"end":{"line":50,"column":null}},"type":"if","locations":[{"start":{"line":46,"column":10},"end":{"line":50,"column":null}},{"start":{},"end":{}}]},"2":{"loc":{"start":{"line":47,"column":12},"end":{"line":49,"column":null}},"type":"if","locations":[{"start":{"line":47,"column":12},"end":{"line":49,"column":null}},{"start":{},"end":{}}]},"3":{"loc":{"start":{"line":59,"column":8},"end":{"line":63,"column":null}},"type":"if","locations":[{"start":{"line":59,"column":8},"end":{"line":63,"column":null}},{"start":{"line":61,"column":15},"end":{"line":63,"column":null}}]},"4":{"loc":{"start":{"line":68,"column":4},"end":{"line":77,"column":null}},"type":"switch","locations":[{"start":{"line":69,"column":6},"end":{"line":70,"column":null}},{"start":{"line":71,"column":6},"end":{"line":72,"column":null}},{"start":{"line":73,"column":6},"end":{"line":74,"column":null}},{"start":{"line":75,"column":6},"end":{"line":75,"column":null}}]},"5":{"loc":{"start":{"line":82,"column":4},"end":{"line":82,"column":null}},"type":"if","locations":[{"start":{"line":82,"column":4},"end":{"line":82,"column":null}},{"start":{},"end":{}}]},"6":{"loc":{"start":{"line":82,"column":8},"end":{"line":82,"column":59}},"type":"binary-expr","locations":[{"start":{"line":82,"column":8},"end":{"line":82,"column":25}},{"start":{"line":82,"column":25},"end":{"line":82,"column":59}}]},"7":{"loc":{"start":{"line":92,"column":4},"end":{"line":97,"column":null}},"type":"if","locations":[{"start":{"line":92,"column":4},"end":{"line":97,"column":null}},{"start":{},"end":{}}]},"8":{"loc":{"start":{"line":94,"column":6},"end":{"line":96,"column":null}},"type":"if","locations":[{"start":{"line":94,"column":6},"end":{"line":96,"column":null}},{"start":{},"end":{}}]},"9":{"loc":{"start":{"line":105,"column":4},"end":{"line":107,"column":null}},"type":"if","locations":[{"start":{"line":105,"column":4},"end":{"line":107,"column":null}},{"start":{},"end":{}}]},"10":{"loc":{"start":{"line":115,"column":4},"end":{"line":117,"column":null}},"type":"if","locations":[{"start":{"line":115,"column":4},"end":{"line":117,"column":null}},{"start":{},"end":{}}]},"11":{"loc":{"start":{"line":125,"column":25},"end":{"line":125,"column":null}},"type":"cond-expr","locations":[{"start":{"line":125,"column":34},"end":{"line":125,"column":57}},{"start":{"line":125,"column":57},"end":{"line":125,"column":null}}]},"12":{"loc":{"start":{"line":126,"column":22},"end":{"line":126,"column":null}},"type":"binary-expr","locations":[{"start":{"line":126,"column":22},"end":{"line":126,"column":42}},{"start":{"line":126,"column":42},"end":{"line":126,"column":null}}]},"13":{"loc":{"start":{"line":127,"column":23},"end":{"line":127,"column":null}},"type":"binary-expr","locations":[{"start":{"line":127,"column":23},"end":{"line":127,"column":89}},{"start":{"line":127,"column":89},"end":{"line":127,"column":null}}]},"14":{"loc":{"start":{"line":145,"column":6},"end":{"line":147,"column":null}},"type":"if","locations":[{"start":{"line":145,"column":6},"end":{"line":147,"column":null}},{"start":{},"end":{}}]},"15":{"loc":{"start":{"line":179,"column":4},"end":{"line":232,"column":null}},"type":"switch","locations":[{"start":{"line":180,"column":6},"end":{"line":180,"column":null}},{"start":{"line":181,"column":6},"end":{"line":187,"column":null}},{"start":{"line":188,"column":6},"end":{"line":205,"column":null}},{"start":{"line":206,"column":6},"end":{"line":213,"column":null}},{"start":{"line":214,"column":6},"end":{"line":227,"column":null}},{"start":{"line":228,"column":6},"end":{"line":231,"column":null}}]},"16":{"loc":{"start":{"line":184,"column":8},"end":{"line":186,"column":null}},"type":"if","locations":[{"start":{"line":184,"column":8},"end":{"line":186,"column":null}},{"start":{},"end":{}}]},"17":{"loc":{"start":{"line":193,"column":23},"end":{"line":193,"column":null}},"type":"binary-expr","locations":[{"start":{"line":193,"column":23},"end":{"line":193,"column":62}},{"start":{"line":193,"column":62},"end":{"line":193,"column":null}}]},"18":{"loc":{"start":{"line":198,"column":10},"end":{"line":200,"column":null}},"type":"if","locations":[{"start":{"line":198,"column":10},"end":{"line":200,"column":null}},{"start":{},"end":{}}]},"19":{"loc":{"start":{"line":209,"column":8},"end":{"line":212,"column":null}},"type":"if","locations":[{"start":{"line":209,"column":8},"end":{"line":212,"column":null}},{"start":{},"end":{}}]},"20":{"loc":{"start":{"line":209,"column":12},"end":{"line":209,"column":67}},"type":"binary-expr","locations":[{"start":{"line":209,"column":12},"end":{"line":209,"column":38}},{"start":{"line":209,"column":38},"end":{"line":209,"column":67}}]},"21":{"loc":{"start":{"line":216,"column":27},"end":{"line":216,"column":null}},"type":"binary-expr","locations":[{"start":{"line":216,"column":27},"end":{"line":216,"column":49}},{"start":{"line":216,"column":49},"end":{"line":216,"column":69}},{"start":{"line":216,"column":69},"end":{"line":216,"column":null}}]},"22":{"loc":{"start":{"line":220,"column":50},"end":{"line":220,"column":null}},"type":"binary-expr","locations":[{"start":{"line":220,"column":50},"end":{"line":220,"column":73}},{"start":{"line":220,"column":73},"end":{"line":220,"column":null}}]},"23":{"loc":{"start":{"line":223,"column":8},"end":{"line":226,"column":null}},"type":"if","locations":[{"start":{"line":223,"column":8},"end":{"line":226,"column":null}},{"start":{},"end":{}}]},"24":{"loc":{"start":{"line":223,"column":12},"end":{"line":223,"column":67}},"type":"binary-expr","locations":[{"start":{"line":223,"column":12},"end":{"line":223,"column":38}},{"start":{"line":223,"column":38},"end":{"line":223,"column":67}}]}},"s":{"0":0,"1":0,"2":0,"3":0,"4":0,"5":0,"6":0,"7":0,"8":0,"9":0,"10":0,"11":0,"12":0,"13":0,"14":0,"15":0,"16":0,"17":0,"18":0,"19":0,"20":0,"21":0,"22":0,"23":0,"24":0,"25":0,"26":0,"27":0,"28":0,"29":0,"30":0,"31":0,"32":0,"33":0,"34":0,"35":0,"36":0,"37":0,"38":0,"39":0,"40":0,"41":0,"42":0,"43":0,"44":0,"45":0,"46":0,"47":0,"48":0,"49":0,"50":0,"51":0,"52":0,"53":0,"54":0,"55":0,"56":0,"57":0,"58":0,"59":0,"60":0,"61":0,"62":0,"63":0,"64":0,"65":0,"66":0,"67":0,"68":0,"69":0,"70":0,"71":0,"72":0,"73":0,"74":0,"75":0,"76":0,"77":0,"78":0,"79":0,"80":0,"81":0,"82":0,"83":0,"84":0,"85":0,"86":0,"87":0,"88":0,"89":0,"90":0,"91":0,"92":0,"93":0,"94":0,"95":0,"96":0,"97":0,"98":0,"99":0,"100":0,"101":0,"102":0,"103":0,"104":0,"105":0,"106":0,"107":0,"108":0,"109":0,"110":0,"111":0,"112":0,"113":0,"114":0,"115":0,"116":0,"117":0,"118":0,"119":0,"120":0,"121":0,"122":0,"123":0,"124":0,"125":0},"f":{"0":0,"1":0,"2":0,"3":0,"4":0,"5":0,"6":0,"7":0,"8":0,"9":0,"10":0,"11":0,"12":0,"13":0,"14":0,"15":0,"16":0,"17":0,"18":0,"19":0,"20":0,"21":0,"22":0,"23":0,"24":0,"25":0},"b":{"0":[0,0,0,0],"1":[0,0],"2":[0,0],"3":[0,0],"4":[0,0,0,0],"5":[0,0],"6":[0,0],"7":[0,0],"8":[0,0],"9":[0,0],"10":[0,0],"11":[0,0],"12":[0,0],"13":[0,0],"14":[0,0],"15":[0,0,0,0,0,0],"16":[0,0],"17":[0,0],"18":[0,0],"19":[0,0],"20":[0,0],"21":[0,0,0],"22":[0,0],"23":[0,0],"24":[0,0]}}
}
